{"/Users/abedalftahabedalftah/Desktop/IssueFlow/src/app.controller.ts": {"path":"/Users/abedalftahabedalftah/Desktop/IssueFlow/src/app.controller.ts","statementMap":{"0":{"start":{"line":1,"column":0},"end":{"line":1,"column":49}},"1":{"start":{"line":2,"column":0},"end":{"line":2,"column":43}},"2":{"start":{"line":3,"column":0},"end":{"line":3,"column":60}},"3":{"start":{"line":6,"column":7},"end":{"line":14,"column":null}},"4":{"start":{"line":7,"column":31},"end":{"line":7,"column":43}},"5":{"start":{"line":12,"column":4},"end":{"line":12,"column":38}},"6":{"start":{"line":6,"column":13},"end":{"line":6,"column":26}},"7":{"start":{"line":11,"column":2},"end":{"line":13,"column":null}},"8":{"start":{"line":6,"column":13},"end":{"line":14,"column":null}}},"fnMap":{"0":{"name":"(anonymous_2)","decl":{"start":{"line":7,"column":2},"end":{"line":7,"column":31}},"loc":{"start":{"line":7,"column":53},"end":{"line":7,"column":57}}},"1":{"name":"(anonymous_3)","decl":{"start":{"line":11,"column":2},"end":{"line":11,"column":10}},"loc":{"start":{"line":11,"column":10},"end":{"line":13,"column":3}}}},"branchMap":{},"s":{"0":1,"1":1,"2":1,"3":1,"4":1,"5":1,"6":1,"7":1,"8":1},"f":{"0":1,"1":1},"b":{}}
,"/Users/abedalftahabedalftah/Desktop/IssueFlow/src/app.module.ts": {"path":"/Users/abedalftahabedalftah/Desktop/IssueFlow/src/app.module.ts","statementMap":{"0":{"start":{"line":1,"column":0},"end":{"line":1,"column":23}},"1":{"start":{"line":2,"column":0},"end":{"line":2,"column":40}},"2":{"start":{"line":3,"column":0},"end":{"line":3,"column":47}},"3":{"start":{"line":4,"column":0},"end":{"line":4,"column":48}},"4":{"start":{"line":5,"column":0},"end":{"line":5,"column":50}},"5":{"start":{"line":6,"column":0},"end":{"line":6,"column":49}},"6":{"start":{"line":7,"column":0},"end":{"line":7,"column":43}},"7":{"start":{"line":8,"column":0},"end":{"line":8,"column":48}},"8":{"start":{"line":9,"column":0},"end":{"line":9,"column":51}},"9":{"start":{"line":10,"column":0},"end":{"line":10,"column":60}},"10":{"start":{"line":11,"column":0},"end":{"line":11,"column":57}},"11":{"start":{"line":12,"column":0},"end":{"line":12,"column":60}},"12":{"start":{"line":13,"column":0},"end":{"line":13,"column":62}},"13":{"start":{"line":14,"column":0},"end":{"line":14,"column":72}},"14":{"start":{"line":15,"column":0},"end":{"line":15,"column":69}},"15":{"start":{"line":16,"column":0},"end":{"line":16,"column":65}},"16":{"start":{"line":17,"column":0},"end":{"line":17,"column":48}},"17":{"start":{"line":18,"column":0},"end":{"line":18,"column":63}},"18":{"start":{"line":52,"column":7},"end":{"line":52,"column":null}},"19":{"start":{"line":52,"column":13},"end":{"line":52,"column":22}},"20":{"start":{"line":52,"column":13},"end":{"line":52,"column":null}}},"fnMap":{},"branchMap":{"0":{"loc":{"start":{"line":25,"column":12},"end":{"line":25,"column":46}},"type":"binary-expr","locations":[{"start":{"line":25,"column":12},"end":{"line":25,"column":31}},{"start":{"line":25,"column":35},"end":{"line":25,"column":46}}]},"1":{"loc":{"start":{"line":26,"column":21},"end":{"line":26,"column":50}},"type":"binary-expr","locations":[{"start":{"line":26,"column":21},"end":{"line":26,"column":40}},{"start":{"line":26,"column":44},"end":{"line":26,"column":50}}]},"2":{"loc":{"start":{"line":27,"column":16},"end":{"line":27,"column":50}},"type":"binary-expr","locations":[{"start":{"line":27,"column":16},"end":{"line":27,"column":35}},{"start":{"line":27,"column":39},"end":{"line":27,"column":50}}]},"3":{"loc":{"start":{"line":28,"column":16},"end":{"line":28,"column":50}},"type":"binary-expr","locations":[{"start":{"line":28,"column":16},"end":{"line":28,"column":35}},{"start":{"line":28,"column":39},"end":{"line":28,"column":50}}]},"4":{"loc":{"start":{"line":29,"column":16},"end":{"line":29,"column":50}},"type":"binary-expr","locations":[{"start":{"line":29,"column":16},"end":{"line":29,"column":35}},{"start":{"line":29,"column":39},"end":{"line":29,"column":50}}]}},"s":{"0":0,"1":0,"2":0,"3":0,"4":0,"5":0,"6":0,"7":0,"8":0,"9":0,"10":0,"11":0,"12":0,"13":0,"14":0,"15":0,"16":0,"17":0,"18":0,"19":0,"20":0},"f":{},"b":{"0":[0,0],"1":[0,0],"2":[0,0],"3":[0,0],"4":[0,0]}}
,"/Users/abedalftahabedalftah/Desktop/IssueFlow/src/app.service.ts": {"path":"/Users/abedalftahabedalftah/Desktop/IssueFlow/src/app.service.ts","statementMap":{"0":{"start":{"line":1,"column":0},"end":{"line":1,"column":44}},"1":{"start":{"line":4,"column":7},"end":{"line":8,"column":null}},"2":{"start":{"line":6,"column":4},"end":{"line":6,"column":35}},"3":{"start":{"line":4,"column":13},"end":{"line":4,"column":23}},"4":{"start":{"line":4,"column":13},"end":{"line":8,"column":null}}},"fnMap":{"0":{"name":"(anonymous_1)","decl":{"start":{"line":5,"column":2},"end":{"line":5,"column":10}},"loc":{"start":{"line":5,"column":10},"end":{"line":7,"column":3}}}},"branchMap":{},"s":{"0":1,"1":1,"2":1,"3":1,"4":1},"f":{"0":1},"b":{}}
,"/Users/abedalftahabedalftah/Desktop/IssueFlow/src/main.ts": {"path":"/Users/abedalftahabedalftah/Desktop/IssueFlow/src/main.ts","statementMap":{"0":{"start":{"line":1,"column":0},"end":{"line":1,"column":54}},"1":{"start":{"line":2,"column":0},"end":{"line":2,"column":76}},"2":{"start":{"line":3,"column":0},"end":{"line":3,"column":41}},"3":{"start":{"line":6,"column":14},"end":{"line":6,"column":49}},"4":{"start":{"line":7,"column":2},"end":{"line":7,"column":91}},"5":{"start":{"line":8,"column":2},"end":{"line":8,"column":80}},"6":{"start":{"line":9,"column":2},"end":{"line":9,"column":25}},"7":{"start":{"line":11,"column":0},"end":{"line":11,"column":12}}},"fnMap":{"0":{"name":"bootstrap","decl":{"start":{"line":5,"column":15},"end":{"line":5,"column":24}},"loc":{"start":{"line":5,"column":24},"end":{"line":10,"column":1}}}},"branchMap":{},"s":{"0":0,"1":0,"2":0,"3":0,"4":0,"5":0,"6":0,"7":0},"f":{"0":0},"b":{}}
,"/Users/abedalftahabedalftah/Desktop/IssueFlow/src/attachments/attachment.entity.ts": {"path":"/Users/abedalftahabedalftah/Desktop/IssueFlow/src/attachments/attachment.entity.ts","statementMap":{"0":{"start":{"line":1,"column":0},"end":{"line":1,"column":null}},"1":{"start":{"line":8,"column":0},"end":{"line":8,"column":44}},"2":{"start":{"line":9,"column":0},"end":{"line":9,"column":50}},"3":{"start":{"line":12,"column":7},"end":{"line":40,"column":null}},"4":{"start":{"line":12,"column":13},"end":{"line":12,"column":23}},"5":{"start":{"line":14,"column":2},"end":{"line":14,"column":null}},"6":{"start":{"line":17,"column":2},"end":{"line":17,"column":null}},"7":{"start":{"line":20,"column":2},"end":{"line":20,"column":null}},"8":{"start":{"line":24,"column":2},"end":{"line":24,"column":null}},"9":{"start":{"line":28,"column":2},"end":{"line":28,"column":null}},"10":{"start":{"line":31,"column":2},"end":{"line":31,"column":null}},"11":{"start":{"line":35,"column":2},"end":{"line":35,"column":null}},"12":{"start":{"line":34,"column":19},"end":{"line":34,"column":25}},"13":{"start":{"line":39,"column":2},"end":{"line":39,"column":null}},"14":{"start":{"line":12,"column":13},"end":{"line":40,"column":null}}},"fnMap":{"0":{"name":"(anonymous_2)","decl":{"start":{"line":34,"column":13},"end":{"line":34,"column":16}},"loc":{"start":{"line":34,"column":19},"end":{"line":34,"column":25}}}},"branchMap":{},"s":{"0":2,"1":2,"2":2,"3":2,"4":2,"5":2,"6":2,"7":2,"8":2,"9":2,"10":2,"11":2,"12":0,"13":2,"14":2},"f":{"0":0},"b":{}}
,"/Users/abedalftahabedalftah/Desktop/IssueFlow/src/attachments/attachments.controller.ts": {"path":"/Users/abedalftahabedalftah/Desktop/IssueFlow/src/attachments/attachments.controller.ts","statementMap":{"0":{"start":{"line":1,"column":0},"end":{"line":1,"column":null}},"1":{"start":{"line":13,"column":0},"end":{"line":13,"column":59}},"2":{"start":{"line":14,"column":0},"end":{"line":14,"column":37}},"3":{"start":{"line":15,"column":0},"end":{"line":15,"column":37}},"4":{"start":{"line":16,"column":0},"end":{"line":16,"column":36}},"5":{"start":{"line":17,"column":0},"end":{"line":17,"column":29}},"6":{"start":{"line":18,"column":0},"end":{"line":18,"column":59}},"7":{"start":{"line":19,"column":0},"end":{"line":19,"column":66}},"8":{"start":{"line":21,"column":27},"end":{"line":26,"column":2}},"9":{"start":{"line":28,"column":22},"end":{"line":48,"column":2}},"10":{"start":{"line":32,"column":23},"end":{"line":32,"column":76}},"11":{"start":{"line":33,"column":6},"end":{"line":33,"column":46}},"12":{"start":{"line":42,"column":4},"end":{"line":46,"column":5}},"13":{"start":{"line":43,"column":6},"end":{"line":43,"column":21}},"14":{"start":{"line":45,"column":6},"end":{"line":45,"column":155}},"15":{"start":{"line":51,"column":7},"end":{"line":88,"column":null}},"16":{"start":{"line":52,"column":31},"end":{"line":52,"column":51}},"17":{"start":{"line":63,"column":4},"end":{"line":65,"column":5}},"18":{"start":{"line":64,"column":6},"end":{"line":64,"column":56}},"19":{"start":{"line":66,"column":4},"end":{"line":73,"column":5}},"20":{"start":{"line":67,"column":6},"end":{"line":67,"column":66}},"21":{"start":{"line":69,"column":6},"end":{"line":71,"column":7}},"22":{"start":{"line":70,"column":8},"end":{"line":70,"column":79}},"23":{"start":{"line":72,"column":6},"end":{"line":72,"column":16}},"24":{"start":{"line":78,"column":4},"end":{"line":78,"column":45}},"25":{"start":{"line":86,"column":4},"end":{"line":86,"column":55}},"26":{"start":{"line":51,"column":13},"end":{"line":51,"column":34}},"27":{"start":{"line":59,"column":8},"end":{"line":74,"column":null}},"28":{"start":{"line":77,"column":8},"end":{"line":79,"column":null}},"29":{"start":{"line":82,"column":8},"end":{"line":87,"column":null}},"30":{"start":{"line":51,"column":13},"end":{"line":88,"column":null}}},"fnMap":{"0":{"name":"(anonymous_13)","decl":{"start":{"line":31,"column":14},"end":{"line":31,"column":15}},"loc":{"start":{"line":31,"column":33},"end":{"line":34,"column":5}}},"1":{"name":"(anonymous_14)","decl":{"start":{"line":37,"column":14},"end":{"line":37,"column":null}},"loc":{"start":{"line":41,"column":6},"end":{"line":47,"column":3}}},"2":{"name":"(anonymous_15)","decl":{"start":{"line":52,"column":2},"end":{"line":52,"column":31}},"loc":{"start":{"line":52,"column":69},"end":{"line":52,"column":73}}},"3":{"name":"(anonymous_16)","decl":{"start":{"line":59,"column":2},"end":{"line":59,"column":7}},"loc":{"start":{"line":61,"column":45},"end":{"line":74,"column":3}}},"4":{"name":"(anonymous_17)","decl":{"start":{"line":77,"column":2},"end":{"line":77,"column":7}},"loc":{"start":{"line":77,"column":52},"end":{"line":79,"column":3}}},"5":{"name":"(anonymous_18)","decl":{"start":{"line":82,"column":2},"end":{"line":82,"column":7}},"loc":{"start":{"line":84,"column":41},"end":{"line":87,"column":3}}}},"branchMap":{"0":{"loc":{"start":{"line":42,"column":4},"end":{"line":46,"column":5}},"type":"if","locations":[{"start":{"line":42,"column":4},"end":{"line":46,"column":5}},{"start":{"line":44,"column":11},"end":{"line":46,"column":5}}]},"1":{"loc":{"start":{"line":63,"column":4},"end":{"line":65,"column":5}},"type":"if","locations":[{"start":{"line":63,"column":4},"end":{"line":65,"column":5}}]},"2":{"loc":{"start":{"line":69,"column":6},"end":{"line":71,"column":7}},"type":"if","locations":[{"start":{"line":69,"column":6},"end":{"line":71,"column":7}}]},"3":{"loc":{"start":{"line":69,"column":10},"end":{"line":69,"column":70}},"type":"binary-expr","locations":[{"start":{"line":69,"column":10},"end":{"line":69,"column":36}},{"start":{"line":69,"column":40},"end":{"line":69,"column":70}}]}},"s":{"0":1,"1":1,"2":1,"3":1,"4":1,"5":1,"6":1,"7":1,"8":1,"9":1,"10":0,"11":0,"12":0,"13":0,"14":0,"15":1,"16":4,"17":2,"18":1,"19":1,"20":1,"21":0,"22":0,"23":0,"24":1,"25":1,"26":1,"27":1,"28":1,"29":1,"30":1},"f":{"0":0,"1":0,"2":4,"3":2,"4":1,"5":1},"b":{"0":[0,0],"1":[1],"2":[0],"3":[0,0]}}
,"/Users/abedalftahabedalftah/Desktop/IssueFlow/src/attachments/attachments.module.ts": {"path":"/Users/abedalftahabedalftah/Desktop/IssueFlow/src/attachments/attachments.module.ts","statementMap":{"0":{"start":{"line":1,"column":0},"end":{"line":1,"column":40}},"1":{"start":{"line":2,"column":0},"end":{"line":2,"column":48}},"2":{"start":{"line":3,"column":0},"end":{"line":3,"column":49}},"3":{"start":{"line":4,"column":0},"end":{"line":4,"column":65}},"4":{"start":{"line":5,"column":0},"end":{"line":5,"column":59}},"5":{"start":{"line":6,"column":0},"end":{"line":6,"column":58}},"6":{"start":{"line":13,"column":7},"end":{"line":13,"column":null}},"7":{"start":{"line":13,"column":13},"end":{"line":13,"column":30}},"8":{"start":{"line":13,"column":13},"end":{"line":13,"column":null}}},"fnMap":{},"branchMap":{},"s":{"0":0,"1":0,"2":0,"3":0,"4":0,"5":0,"6":0,"7":0,"8":0},"f":{},"b":{}}
,"/Users/abedalftahabedalftah/Desktop/IssueFlow/src/attachments/attachments.service.ts": {"path":"/Users/abedalftahabedalftah/Desktop/IssueFlow/src/attachments/attachments.service.ts","statementMap":{"0":{"start":{"line":1,"column":0},"end":{"line":1,"column":25}},"1":{"start":{"line":2,"column":0},"end":{"line":2,"column":63}},"2":{"start":{"line":3,"column":0},"end":{"line":3,"column":51}},"3":{"start":{"line":4,"column":0},"end":{"line":4,"column":37}},"4":{"start":{"line":5,"column":0},"end":{"line":5,"column":49}},"5":{"start":{"line":6,"column":0},"end":{"line":6,"column":60}},"6":{"start":{"line":8,"column":19},"end":{"line":8,"column":42}},"7":{"start":{"line":11,"column":7},"end":{"line":61,"column":null}},"8":{"start":{"line":14,"column":21},"end":{"line":14,"column":37}},"9":{"start":{"line":15,"column":21},"end":{"line":15,"column":37}},"10":{"start":{"line":17,"column":4},"end":{"line":17,"column":50}},"11":{"start":{"line":24,"column":4},"end":{"line":24,"column":48}},"12":{"start":{"line":26,"column":23},"end":{"line":32,"column":6}},"13":{"start":{"line":34,"column":4},"end":{"line":43,"column":5}},"14":{"start":{"line":35,"column":6},"end":{"line":35,"column":56}},"15":{"start":{"line":37,"column":6},"end":{"line":41,"column":7}},"16":{"start":{"line":38,"column":8},"end":{"line":38,"column":33}},"17":{"start":{"line":42,"column":6},"end":{"line":42,"column":16}},"18":{"start":{"line":47,"column":18},"end":{"line":47,"column":68}},"19":{"start":{"line":48,"column":23},"end":{"line":48,"column":67}},"20":{"start":{"line":49,"column":4},"end":{"line":51,"column":5}},"21":{"start":{"line":50,"column":6},"end":{"line":50,"column":64}},"22":{"start":{"line":53,"column":4},"end":{"line":57,"column":5}},"23":{"start":{"line":54,"column":6},"end":{"line":54,"column":44}},"24":{"start":{"line":56,"column":6},"end":{"line":56,"column":43}},"25":{"start":{"line":56,"column":33},"end":{"line":56,"column":43}},"26":{"start":{"line":59,"column":4},"end":{"line":59,"column":41}},"27":{"start":{"line":11,"column":13},"end":{"line":11,"column":31}},"28":{"start":{"line":11,"column":13},"end":{"line":61,"column":null}}},"fnMap":{"0":{"name":"(anonymous_13)","decl":{"start":{"line":12,"column":2},"end":{"line":12,"column":null}},"loc":{"start":{"line":15,"column":51},"end":{"line":18,"column":3}}},"1":{"name":"(anonymous_14)","decl":{"start":{"line":20,"column":2},"end":{"line":20,"column":7}},"loc":{"start":{"line":22,"column":29},"end":{"line":44,"column":3}}},"2":{"name":"(anonymous_15)","decl":{"start":{"line":46,"column":2},"end":{"line":46,"column":7}},"loc":{"start":{"line":46,"column":44},"end":{"line":60,"column":3}}}},"branchMap":{"0":{"loc":{"start":{"line":47,"column":18},"end":{"line":47,"column":68}},"type":"cond-expr","locations":[{"start":{"line":47,"column":43},"end":{"line":47,"column":49}},{"start":{"line":47,"column":52},"end":{"line":47,"column":68}}]},"1":{"loc":{"start":{"line":49,"column":4},"end":{"line":51,"column":5}},"type":"if","locations":[{"start":{"line":49,"column":4},"end":{"line":51,"column":5}}]},"2":{"loc":{"start":{"line":56,"column":6},"end":{"line":56,"column":43}},"type":"if","locations":[{"start":{"line":56,"column":6},"end":{"line":56,"column":43}}]}},"s":{"0":2,"1":2,"2":2,"3":2,"4":2,"5":2,"6":2,"7":2,"8":7,"9":7,"10":7,"11":2,"12":2,"13":2,"14":2,"15":1,"16":1,"17":1,"18":5,"19":5,"20":5,"21":1,"22":4,"23":4,"24":2,"25":1,"26":3,"27":2,"28":2},"f":{"0":7,"1":2,"2":5},"b":{"0":[4,1],"1":[1],"2":[1]}}
,"/Users/abedalftahabedalftah/Desktop/IssueFlow/src/attachments/multer-exception.filter.ts": {"path":"/Users/abedalftahabedalftah/Desktop/IssueFlow/src/attachments/multer-exception.filter.ts","statementMap":{"0":{"start":{"line":1,"column":0},"end":{"line":1,"column":null}},"1":{"start":{"line":15,"column":7},"end":{"line":24,"column":null}},"2":{"start":{"line":17,"column":16},"end":{"line":17,"column":35}},"3":{"start":{"line":18,"column":21},"end":{"line":18,"column":48}},"4":{"start":{"line":19,"column":17},"end":{"line":21,"column":19}},"5":{"start":{"line":22,"column":4},"end":{"line":22,"column":36}},"6":{"start":{"line":15,"column":13},"end":{"line":15,"column":34}},"7":{"start":{"line":15,"column":13},"end":{"line":24,"column":null}}},"fnMap":{"0":{"name":"(anonymous_1)","decl":{"start":{"line":16,"column":2},"end":{"line":16,"column":7}},"loc":{"start":{"line":16,"column":65},"end":{"line":23,"column":3}}}},"branchMap":{},"s":{"0":2,"1":2,"2":1,"3":1,"4":1,"5":1,"6":2,"7":2},"f":{"0":1},"b":{}}
,"/Users/abedalftahabedalftah/Desktop/IssueFlow/src/attachments/dto/attachment-response.dto.ts": {"path":"/Users/abedalftahabedalftah/Desktop/IssueFlow/src/attachments/dto/attachment-response.dto.ts","statementMap":{"0":{"start":{"line":1,"column":0},"end":{"line":1,"column":13}}},"fnMap":{},"branchMap":{},"s":{"0":0},"f":{},"b":{}}
,"/Users/abedalftahabedalftah/Desktop/IssueFlow/src/audit-log/audit-log.controller.ts": {"path":"/Users/abedalftahabedalftah/Desktop/IssueFlow/src/audit-log/audit-log.controller.ts","statementMap":{"0":{"start":{"line":1,"column":0},"end":{"line":1,"column":56}},"1":{"start":{"line":2,"column":0},"end":{"line":2,"column":54}},"2":{"start":{"line":3,"column":0},"end":{"line":3,"column":61}},"3":{"start":{"line":6,"column":7},"end":{"line":13,"column":null}},"4":{"start":{"line":7,"column":31},"end":{"line":7,"column":48}},"5":{"start":{"line":11,"column":4},"end":{"line":11,"column":47}},"6":{"start":{"line":6,"column":13},"end":{"line":6,"column":31}},"7":{"start":{"line":10,"column":2},"end":{"line":12,"column":null}},"8":{"start":{"line":6,"column":13},"end":{"line":13,"column":null}}},"fnMap":{"0":{"name":"(anonymous_4)","decl":{"start":{"line":7,"column":2},"end":{"line":7,"column":31}},"loc":{"start":{"line":7,"column":63},"end":{"line":7,"column":67}}},"1":{"name":"(anonymous_5)","decl":{"start":{"line":10,"column":2},"end":{"line":10,"column":9}},"loc":{"start":{"line":10,"column":42},"end":{"line":12,"column":3}}}},"branchMap":{},"s":{"0":1,"1":1,"2":1,"3":1,"4":2,"5":2,"6":1,"7":1,"8":1},"f":{"0":2,"1":2},"b":{}}
,"/Users/abedalftahabedalftah/Desktop/IssueFlow/src/audit-log/audit-log.module.ts": {"path":"/Users/abedalftahabedalftah/Desktop/IssueFlow/src/audit-log/audit-log.module.ts","statementMap":{"0":{"start":{"line":1,"column":0},"end":{"line":1,"column":48}},"1":{"start":{"line":2,"column":0},"end":{"line":2,"column":48}},"2":{"start":{"line":3,"column":0},"end":{"line":3,"column":55}},"3":{"start":{"line":4,"column":0},"end":{"line":4,"column":54}},"4":{"start":{"line":5,"column":0},"end":{"line":5,"column":60}},"5":{"start":{"line":14,"column":7},"end":{"line":14,"column":null}},"6":{"start":{"line":14,"column":13},"end":{"line":14,"column":27}},"7":{"start":{"line":14,"column":13},"end":{"line":14,"column":null}}},"fnMap":{},"branchMap":{},"s":{"0":0,"1":0,"2":0,"3":0,"4":0,"5":0,"6":0,"7":0},"f":{},"b":{}}
,"/Users/abedalftahabedalftah/Desktop/IssueFlow/src/audit-log/audit-log.service.ts": {"path":"/Users/abedalftahabedalftah/Desktop/IssueFlow/src/audit-log/audit-log.service.ts","statementMap":{"0":{"start":{"line":1,"column":0},"end":{"line":1,"column":52}},"1":{"start":{"line":2,"column":0},"end":{"line":2,"column":51}},"2":{"start":{"line":3,"column":0},"end":{"line":3,"column":55}},"3":{"start":{"line":4,"column":0},"end":{"line":4,"column":55}},"4":{"start":{"line":9,"column":28},"end":{"line":50,"column":null}},"5":{"start":{"line":14,"column":21},"end":{"line":14,"column":41}},"6":{"start":{"line":10,"column":19},"end":{"line":10,"column":61}},"7":{"start":{"line":18,"column":4},"end":{"line":23,"column":5}},"8":{"start":{"line":19,"column":20},"end":{"line":19,"column":55}},"9":{"start":{"line":20,"column":6},"end":{"line":20,"column":48}},"10":{"start":{"line":22,"column":6},"end":{"line":22,"column":64}},"11":{"start":{"line":27,"column":52},"end":{"line":27,"column":57}},"12":{"start":{"line":29,"column":46},"end":{"line":29,"column":48}},"13":{"start":{"line":30,"column":4},"end":{"line":30,"column":64}},"14":{"start":{"line":30,"column":34},"end":{"line":30,"column":64}},"15":{"start":{"line":31,"column":4},"end":{"line":31,"column":58}},"16":{"start":{"line":31,"column":32},"end":{"line":31,"column":58}},"17":{"start":{"line":32,"column":4},"end":{"line":32,"column":52}},"18":{"start":{"line":32,"column":30},"end":{"line":32,"column":52}},"19":{"start":{"line":33,"column":4},"end":{"line":33,"column":49}},"20":{"start":{"line":33,"column":29},"end":{"line":33,"column":49}},"21":{"start":{"line":35,"column":17},"end":{"line":38,"column":6}},"22":{"start":{"line":40,"column":4},"end":{"line":48,"column":7}},"23":{"start":{"line":41,"column":29},"end":{"line":41,"column":49}},"24":{"start":{"line":42,"column":32},"end":{"line":42,"column":55}},"25":{"start":{"line":43,"column":6},"end":{"line":47,"column":8}},"26":{"start":{"line":9,"column":13},"end":{"line":9,"column":28}},"27":{"start":{"line":9,"column":13},"end":{"line":50,"column":null}}},"fnMap":{"0":{"name":"(anonymous_4)","decl":{"start":{"line":12,"column":2},"end":{"line":12,"column":null}},"loc":{"start":{"line":14,"column":61},"end":{"line":15,"column":6}}},"1":{"name":"(anonymous_5)","decl":{"start":{"line":17,"column":2},"end":{"line":17,"column":7}},"loc":{"start":{"line":17,"column":37},"end":{"line":24,"column":3}}},"2":{"name":"(anonymous_6)","decl":{"start":{"line":26,"column":2},"end":{"line":26,"column":7}},"loc":{"start":{"line":26,"column":39},"end":{"line":49,"column":3}}},"3":{"name":"(anonymous_7)","decl":{"start":{"line":40,"column":20},"end":{"line":40,"column":21}},"loc":{"start":{"line":40,"column":28},"end":{"line":48,"column":5}}}},"branchMap":{"0":{"loc":{"start":{"line":30,"column":4},"end":{"line":30,"column":64}},"type":"if","locations":[{"start":{"line":30,"column":4},"end":{"line":30,"column":64}}]},"1":{"loc":{"start":{"line":31,"column":4},"end":{"line":31,"column":58}},"type":"if","locations":[{"start":{"line":31,"column":4},"end":{"line":31,"column":58}}]},"2":{"loc":{"start":{"line":32,"column":4},"end":{"line":32,"column":52}},"type":"if","locations":[{"start":{"line":32,"column":4},"end":{"line":32,"column":52}}]},"3":{"loc":{"start":{"line":33,"column":4},"end":{"line":33,"column":49}},"type":"if","locations":[{"start":{"line":33,"column":4},"end":{"line":33,"column":49}}]},"4":{"loc":{"start":{"line":45,"column":18},"end":{"line":45,"column":71}},"type":"cond-expr","locations":[{"start":{"line":45,"column":42},"end":{"line":45,"column":54}},{"start":{"line":45,"column":57},"end":{"line":45,"column":71}}]},"5":{"loc":{"start":{"line":46,"column":21},"end":{"line":46,"column":83}},"type":"cond-expr","locations":[{"start":{"line":46,"column":48},"end":{"line":46,"column":63}},{"start":{"line":46,"column":66},"end":{"line":46,"column":83}}]}},"s":{"0":11,"1":11,"2":11,"3":11,"4":11,"5":8,"6":8,"7":3,"8":3,"9":3,"10":1,"11":5,"12":5,"13":5,"14":1,"15":5,"16":1,"17":5,"18":1,"19":5,"20":1,"21":5,"22":5,"23":5,"24":5,"25":5,"26":11,"27":11},"f":{"0":8,"1":3,"2":5,"3":5},"b":{"0":[1],"1":[1],"2":[1],"3":[1],"4":[0,5],"5":[3,2]}}
,"/Users/abedalftahabedalftah/Desktop/IssueFlow/src/audit-log/audit.interceptor.ts": {"path":"/Users/abedalftahabedalftah/Desktop/IssueFlow/src/audit-log/audit.interceptor.ts","statementMap":{"0":{"start":{"line":1,"column":0},"end":{"line":1,"column":null}},"1":{"start":{"line":8,"column":0},"end":{"line":8,"column":42}},"2":{"start":{"line":9,"column":0},"end":{"line":9,"column":37}},"3":{"start":{"line":10,"column":0},"end":{"line":10,"column":51}},"4":{"start":{"line":13,"column":7},"end":{"line":30,"column":null}},"5":{"start":{"line":14,"column":51},"end":{"line":14,"column":63}},"6":{"start":{"line":17,"column":20},"end":{"line":17,"column":55}},"7":{"start":{"line":18,"column":39},"end":{"line":18,"column":56}},"8":{"start":{"line":20,"column":4},"end":{"line":22,"column":5}},"9":{"start":{"line":21,"column":6},"end":{"line":21,"column":81}},"10":{"start":{"line":24,"column":4},"end":{"line":28,"column":6}},"11":{"start":{"line":26,"column":8},"end":{"line":26,"column":73}},"12":{"start":{"line":13,"column":13},"end":{"line":13,"column":29}},"13":{"start":{"line":13,"column":13},"end":{"line":30,"column":null}}},"fnMap":{"0":{"name":"(anonymous_4)","decl":{"start":{"line":14,"column":2},"end":{"line":14,"column":15}},"loc":{"start":{"line":14,"column":73},"end":{"line":14,"column":77}}},"1":{"name":"(anonymous_5)","decl":{"start":{"line":16,"column":2},"end":{"line":16,"column":11}},"loc":{"start":{"line":16,"column":56},"end":{"line":29,"column":3}}},"2":{"name":"(anonymous_6)","decl":{"start":{"line":25,"column":15},"end":{"line":25,"column":18}},"loc":{"start":{"line":25,"column":20},"end":{"line":27,"column":7}}}},"branchMap":{"0":{"loc":{"start":{"line":20,"column":4},"end":{"line":22,"column":5}},"type":"if","locations":[{"start":{"line":20,"column":4},"end":{"line":22,"column":5}}]}},"s":{"0":1,"1":1,"2":1,"3":1,"4":1,"5":4,"6":4,"7":4,"8":4,"9":2,"10":4,"11":4,"12":1,"13":1},"f":{"0":4,"1":4,"2":4},"b":{"0":[2]}}
,"/Users/abedalftahabedalftah/Desktop/IssueFlow/src/audit-log/dto/query-audit-log.dto.ts": {"path":"/Users/abedalftahabedalftah/Desktop/IssueFlow/src/audit-log/dto/query-audit-log.dto.ts","statementMap":{"0":{"start":{"line":1,"column":0},"end":{"line":1,"column":63}},"1":{"start":{"line":2,"column":0},"end":{"line":2,"column":53}},"2":{"start":{"line":4,"column":0},"end":{"line":4,"column":13}},"3":{"start":{"line":7,"column":2},"end":{"line":7,"column":null}},"4":{"start":{"line":11,"column":2},"end":{"line":11,"column":null}},"5":{"start":{"line":15,"column":2},"end":{"line":15,"column":null}},"6":{"start":{"line":19,"column":2},"end":{"line":19,"column":null}}},"fnMap":{},"branchMap":{},"s":{"0":1,"1":1,"2":1,"3":1,"4":1,"5":1,"6":1},"f":{},"b":{}}
,"/Users/abedalftahabedalftah/Desktop/IssueFlow/src/audit-log/dto/record-audit-log.dto.ts": {"path":"/Users/abedalftahabedalftah/Desktop/IssueFlow/src/audit-log/dto/record-audit-log.dto.ts","statementMap":{"0":{"start":{"line":3,"column":0},"end":{"line":3,"column":13}}},"fnMap":{},"branchMap":{},"s":{"0":0},"f":{},"b":{}}
,"/Users/abedalftahabedalftah/Desktop/IssueFlow/src/audit-log/entities/audit-log.entity.ts": {"path":"/Users/abedalftahabedalftah/Desktop/IssueFlow/src/audit-log/entities/audit-log.entity.ts","statementMap":{"0":{"start":{"line":1,"column":0},"end":{"line":1,"column":null}},"1":{"start":{"line":8,"column":0},"end":{"line":8,"column":53}},"2":{"start":{"line":13,"column":7},"end":{"line":34,"column":null}},"3":{"start":{"line":13,"column":13},"end":{"line":13,"column":21}},"4":{"start":{"line":15,"column":2},"end":{"line":15,"column":null}},"5":{"start":{"line":18,"column":2},"end":{"line":18,"column":null}},"6":{"start":{"line":21,"column":2},"end":{"line":21,"column":null}},"7":{"start":{"line":24,"column":2},"end":{"line":24,"column":null}},"8":{"start":{"line":27,"column":2},"end":{"line":27,"column":null}},"9":{"start":{"line":30,"column":2},"end":{"line":30,"column":null}},"10":{"start":{"line":33,"column":2},"end":{"line":33,"column":null}},"11":{"start":{"line":13,"column":13},"end":{"line":34,"column":null}}},"fnMap":{},"branchMap":{},"s":{"0":11,"1":11,"2":11,"3":11,"4":11,"5":11,"6":11,"7":11,"8":11,"9":11,"10":11,"11":11},"f":{},"b":{}}
,"/Users/abedalftahabedalftah/Desktop/IssueFlow/src/audit-log/enums/actor-type.enum.ts": {"path":"/Users/abedalftahabedalftah/Desktop/IssueFlow/src/audit-log/enums/actor-type.enum.ts","statementMap":{"0":{"start":{"line":1,"column":0},"end":{"line":1,"column":null}},"1":{"start":{"line":2,"column":2},"end":{"line":2,"column":null}},"2":{"start":{"line":3,"column":2},"end":{"line":3,"column":null}}},"fnMap":{"0":{"name":"(anonymous_0)","decl":{"start":{"line":1,"column":0},"end":{"line":1,"column":12}},"loc":{"start":{"line":1,"column":21},"end":{"line":4,"column":1}}}},"branchMap":{"0":{"loc":{"start":{"line":1,"column":12},"end":{"line":1,"column":null}},"type":"binary-expr","locations":[{"start":{"line":1,"column":12},"end":{"line":1,"column":21}},{"start":{"line":1,"column":21},"end":{"line":1,"column":null}}]}},"s":{"0":11,"1":11,"2":11},"f":{"0":11},"b":{"0":[11,11]}}
,"/Users/abedalftahabedalftah/Desktop/IssueFlow/src/auth/auth.controller.ts": {"path":"/Users/abedalftahabedalftah/Desktop/IssueFlow/src/auth/auth.controller.ts","statementMap":{"0":{"start":{"line":1,"column":0},"end":{"line":1,"column":76}},"1":{"start":{"line":3,"column":0},"end":{"line":3,"column":45}},"2":{"start":{"line":4,"column":0},"end":{"line":4,"column":55}},"3":{"start":{"line":5,"column":0},"end":{"line":5,"column":43}},"4":{"start":{"line":8,"column":7},"end":{"line":31,"column":null}},"5":{"start":{"line":9,"column":31},"end":{"line":9,"column":44}},"6":{"start":{"line":15,"column":4},"end":{"line":15,"column":62}},"7":{"start":{"line":21,"column":18},"end":{"line":21,"column":74}},"8":{"start":{"line":22,"column":4},"end":{"line":24,"column":5}},"9":{"start":{"line":23,"column":6},"end":{"line":23,"column":43}},"10":{"start":{"line":29,"column":4},"end":{"line":29,"column":47}},"11":{"start":{"line":8,"column":13},"end":{"line":8,"column":27}},"12":{"start":{"line":14,"column":2},"end":{"line":16,"column":null}},"13":{"start":{"line":20,"column":8},"end":{"line":25,"column":null}},"14":{"start":{"line":28,"column":2},"end":{"line":30,"column":null}},"15":{"start":{"line":8,"column":13},"end":{"line":31,"column":null}}},"fnMap":{"0":{"name":"(anonymous_4)","decl":{"start":{"line":9,"column":2},"end":{"line":9,"column":31}},"loc":{"start":{"line":9,"column":55},"end":{"line":9,"column":59}}},"1":{"name":"(anonymous_5)","decl":{"start":{"line":14,"column":2},"end":{"line":14,"column":7}},"loc":{"start":{"line":14,"column":29},"end":{"line":16,"column":3}}},"2":{"name":"(anonymous_6)","decl":{"start":{"line":20,"column":2},"end":{"line":20,"column":7}},"loc":{"start":{"line":20,"column":34},"end":{"line":25,"column":3}}},"3":{"name":"(anonymous_7)","decl":{"start":{"line":28,"column":2},"end":{"line":28,"column":7}},"loc":{"start":{"line":28,"column":54},"end":{"line":30,"column":3}}}},"branchMap":{"0":{"loc":{"start":{"line":22,"column":4},"end":{"line":24,"column":5}},"type":"if","locations":[{"start":{"line":22,"column":4},"end":{"line":24,"column":5}}]}},"s":{"0":1,"1":1,"2":1,"3":1,"4":1,"5":4,"6":1,"7":2,"8":2,"9":1,"10":1,"11":1,"12":1,"13":1,"14":1,"15":1},"f":{"0":4,"1":1,"2":2,"3":1},"b":{"0":[1]}}
,"/Users/abedalftahabedalftah/Desktop/IssueFlow/src/auth/auth.module.ts": {"path":"/Users/abedalftahabedalftah/Desktop/IssueFlow/src/auth/auth.module.ts","statementMap":{"0":{"start":{"line":1,"column":0},"end":{"line":1,"column":40}},"1":{"start":{"line":2,"column":0},"end":{"line":2,"column":41}},"2":{"start":{"line":3,"column":0},"end":{"line":3,"column":40}},"3":{"start":{"line":4,"column":0},"end":{"line":4,"column":50}},"4":{"start":{"line":5,"column":0},"end":{"line":5,"column":48}},"5":{"start":{"line":6,"column":0},"end":{"line":6,"column":52}},"6":{"start":{"line":7,"column":0},"end":{"line":7,"column":51}},"7":{"start":{"line":8,"column":0},"end":{"line":8,"column":45}},"8":{"start":{"line":9,"column":0},"end":{"line":9,"column":52}},"9":{"start":{"line":10,"column":0},"end":{"line":10,"column":55}},"10":{"start":{"line":11,"column":0},"end":{"line":11,"column":48}},"11":{"start":{"line":12,"column":0},"end":{"line":12,"column":50}},"12":{"start":{"line":13,"column":0},"end":{"line":13,"column":56}},"13":{"start":{"line":39,"column":7},"end":{"line":39,"column":null}},"14":{"start":{"line":39,"column":13},"end":{"line":39,"column":23}},"15":{"start":{"line":39,"column":13},"end":{"line":39,"column":null}}},"fnMap":{},"branchMap":{},"s":{"0":0,"1":0,"2":0,"3":0,"4":0,"5":0,"6":0,"7":0,"8":0,"9":0,"10":0,"11":0,"12":0,"13":0,"14":0,"15":0},"f":{},"b":{}}
,"/Users/abedalftahabedalftah/Desktop/IssueFlow/src/auth/auth.service.ts": {"path":"/Users/abedalftahabedalftah/Desktop/IssueFlow/src/auth/auth.service.ts","statementMap":{"0":{"start":{"line":1,"column":0},"end":{"line":1,"column":67}},"1":{"start":{"line":2,"column":0},"end":{"line":2,"column":41}},"2":{"start":{"line":3,"column":0},"end":{"line":3,"column":51}},"3":{"start":{"line":4,"column":0},"end":{"line":4,"column":33}},"4":{"start":{"line":5,"column":0},"end":{"line":5,"column":37}},"5":{"start":{"line":6,"column":0},"end":{"line":6,"column":54}},"6":{"start":{"line":7,"column":0},"end":{"line":7,"column":52}},"7":{"start":{"line":10,"column":7},"end":{"line":42,"column":null}},"8":{"start":{"line":12,"column":21},"end":{"line":12,"column":35}},"9":{"start":{"line":13,"column":21},"end":{"line":13,"column":33}},"10":{"start":{"line":15,"column":21},"end":{"line":15,"column":38}},"11":{"start":{"line":19,"column":17},"end":{"line":19,"column":65}},"12":{"start":{"line":20,"column":4},"end":{"line":22,"column":5}},"13":{"start":{"line":21,"column":6},"end":{"line":21,"column":61}},"14":{"start":{"line":23,"column":18},"end":{"line":23,"column":67}},"15":{"start":{"line":24,"column":4},"end":{"line":26,"column":5}},"16":{"start":{"line":25,"column":6},"end":{"line":25,"column":61}},"17":{"start":{"line":27,"column":20},"end":{"line":27,"column":78}},"18":{"start":{"line":28,"column":24},"end":{"line":28,"column":53}},"19":{"start":{"line":29,"column":4},"end":{"line":29,"column":65}},"20":{"start":{"line":33,"column":20},"end":{"line":33,"column":69}},"21":{"start":{"line":34,"column":22},"end":{"line":34,"column":99}},"22":{"start":{"line":35,"column":19},"end":{"line":35,"column":68}},"23":{"start":{"line":36,"column":4},"end":{"line":36,"column":44}},"24":{"start":{"line":40,"column":4},"end":{"line":40,"column":45}},"25":{"start":{"line":10,"column":13},"end":{"line":10,"column":24}},"26":{"start":{"line":10,"column":13},"end":{"line":42,"column":null}}},"fnMap":{"0":{"name":"(anonymous_13)","decl":{"start":{"line":11,"column":2},"end":{"line":11,"column":null}},"loc":{"start":{"line":15,"column":61},"end":{"line":16,"column":6}}},"1":{"name":"(anonymous_14)","decl":{"start":{"line":18,"column":2},"end":{"line":18,"column":7}},"loc":{"start":{"line":18,"column":48},"end":{"line":30,"column":3}}},"2":{"name":"(anonymous_15)","decl":{"start":{"line":32,"column":2},"end":{"line":32,"column":7}},"loc":{"start":{"line":32,"column":28},"end":{"line":37,"column":3}}},"3":{"name":"(anonymous_16)","decl":{"start":{"line":39,"column":2},"end":{"line":39,"column":7}},"loc":{"start":{"line":39,"column":28},"end":{"line":41,"column":3}}}},"branchMap":{"0":{"loc":{"start":{"line":20,"column":4},"end":{"line":22,"column":5}},"type":"if","locations":[{"start":{"line":20,"column":4},"end":{"line":22,"column":5}}]},"1":{"loc":{"start":{"line":20,"column":8},"end":{"line":20,"column":35}},"type":"binary-expr","locations":[{"start":{"line":20,"column":8},"end":{"line":20,"column":13}},{"start":{"line":20,"column":17},"end":{"line":20,"column":35}}]},"2":{"loc":{"start":{"line":24,"column":4},"end":{"line":26,"column":5}},"type":"if","locations":[{"start":{"line":24,"column":4},"end":{"line":26,"column":5}}]},"3":{"loc":{"start":{"line":34,"column":22},"end":{"line":34,"column":99}},"type":"cond-expr","locations":[{"start":{"line":34,"column":37},"end":{"line":34,"column":65}},{"start":{"line":34,"column":68},"end":{"line":34,"column":99}}]}},"s":{"0":2,"1":2,"2":2,"3":2,"4":2,"5":2,"6":2,"7":2,"8":4,"9":4,"10":4,"11":3,"12":3,"13":1,"14":2,"15":2,"16":1,"17":1,"18":1,"19":1,"20":1,"21":1,"22":1,"23":1,"24":0,"25":2,"26":2},"f":{"0":4,"1":3,"2":1,"3":0},"b":{"0":[1],"1":[3,2],"2":[1],"3":[1,0]}}
,"/Users/abedalftahabedalftah/Desktop/IssueFlow/src/auth/denied-token.entity.ts": {"path":"/Users/abedalftahabedalftah/Desktop/IssueFlow/src/auth/denied-token.entity.ts","statementMap":{"0":{"start":{"line":1,"column":0},"end":{"line":1,"column":65}},"1":{"start":{"line":4,"column":7},"end":{"line":13,"column":null}},"2":{"start":{"line":4,"column":13},"end":{"line":4,"column":24}},"3":{"start":{"line":6,"column":2},"end":{"line":6,"column":null}},"4":{"start":{"line":9,"column":2},"end":{"line":9,"column":null}},"5":{"start":{"line":12,"column":2},"end":{"line":12,"column":null}},"6":{"start":{"line":4,"column":13},"end":{"line":13,"column":null}}},"fnMap":{},"branchMap":{},"s":{"0":3,"1":3,"2":3,"3":3,"4":3,"5":3,"6":3},"f":{},"b":{}}
,"/Users/abedalftahabedalftah/Desktop/IssueFlow/src/auth/jwt-secret.ts": {"path":"/Users/abedalftahabedalftah/Desktop/IssueFlow/src/auth/jwt-secret.ts","statementMap":{"0":{"start":{"line":1,"column":0},"end":{"line":1,"column":16}},"1":{"start":{"line":2,"column":17},"end":{"line":2,"column":47}},"2":{"start":{"line":3,"column":2},"end":{"line":3,"column":28}},"3":{"start":{"line":3,"column":14},"end":{"line":3,"column":28}},"4":{"start":{"line":5,"column":2},"end":{"line":7,"column":3}},"5":{"start":{"line":6,"column":4},"end":{"line":6,"column":35}},"6":{"start":{"line":9,"column":2},"end":{"line":9,"column":65}}},"fnMap":{"0":{"name":"resolveJwtSecret","decl":{"start":{"line":1,"column":16},"end":{"line":1,"column":32}},"loc":{"start":{"line":1,"column":32},"end":{"line":10,"column":1}}}},"branchMap":{"0":{"loc":{"start":{"line":3,"column":2},"end":{"line":3,"column":28}},"type":"if","locations":[{"start":{"line":3,"column":2},"end":{"line":3,"column":28}}]},"1":{"loc":{"start":{"line":5,"column":2},"end":{"line":7,"column":3}},"type":"if","locations":[{"start":{"line":5,"column":2},"end":{"line":7,"column":3}}]}},"s":{"0":1,"1":2,"2":2,"3":0,"4":2,"5":2,"6":0},"f":{"0":2},"b":{"0":[0],"1":[2]}}
,"/Users/abedalftahabedalftah/Desktop/IssueFlow/src/auth/decorators/public.decorator.ts": {"path":"/Users/abedalftahabedalftah/Desktop/IssueFlow/src/auth/decorators/public.decorator.ts","statementMap":{"0":{"start":{"line":1,"column":0},"end":{"line":1,"column":45}},"1":{"start":{"line":3,"column":13},"end":{"line":3,"column":40}},"2":{"start":{"line":4,"column":22},"end":{"line":4,"column":60}},"3":{"start":{"line":4,"column":28},"end":{"line":4,"column":60}},"4":{"start":{"line":4,"column":13},"end":{"line":4,"column":22}}},"fnMap":{"0":{"name":"(anonymous_0)","decl":{"start":{"line":4,"column":22},"end":{"line":4,"column":25}},"loc":{"start":{"line":4,"column":28},"end":{"line":4,"column":60}}}},"branchMap":{},"s":{"0":6,"1":6,"2":6,"3":3,"4":6},"f":{"0":3},"b":{}}
,"/Users/abedalftahabedalftah/Desktop/IssueFlow/src/auth/decorators/roles.decorator.ts": {"path":"/Users/abedalftahabedalftah/Desktop/IssueFlow/src/auth/decorators/roles.decorator.ts","statementMap":{"0":{"start":{"line":1,"column":0},"end":{"line":1,"column":45}},"1":{"start":{"line":4,"column":13},"end":{"line":4,"column":33}},"2":{"start":{"line":5,"column":21},"end":{"line":5,"column":76}},"3":{"start":{"line":5,"column":47},"end":{"line":5,"column":76}},"4":{"start":{"line":5,"column":13},"end":{"line":5,"column":21}}},"fnMap":{"0":{"name":"(anonymous_0)","decl":{"start":{"line":5,"column":21},"end":{"line":5,"column":22}},"loc":{"start":{"line":5,"column":47},"end":{"line":5,"column":76}}}},"branchMap":{},"s":{"0":3,"1":3,"2":3,"3":5,"4":3},"f":{"0":5},"b":{}}
,"/Users/abedalftahabedalftah/Desktop/IssueFlow/src/auth/dto/login.dto.ts": {"path":"/Users/abedalftahabedalftah/Desktop/IssueFlow/src/auth/dto/login.dto.ts","statementMap":{"0":{"start":{"line":1,"column":0},"end":{"line":1,"column":43}},"1":{"start":{"line":3,"column":0},"end":{"line":3,"column":13}},"2":{"start":{"line":5,"column":2},"end":{"line":5,"column":null}},"3":{"start":{"line":8,"column":2},"end":{"line":8,"column":null}}},"fnMap":{},"branchMap":{},"s":{"0":1,"1":1,"2":1,"3":1},"f":{},"b":{}}
,"/Users/abedalftahabedalftah/Desktop/IssueFlow/src/auth/guards/jwt-auth.guard.ts": {"path":"/Users/abedalftahabedalftah/Desktop/IssueFlow/src/auth/guards/jwt-auth.guard.ts","statementMap":{"0":{"start":{"line":1,"column":0},"end":{"line":1,"column":62}},"1":{"start":{"line":2,"column":0},"end":{"line":2,"column":41}},"2":{"start":{"line":3,"column":0},"end":{"line":3,"column":45}},"3":{"start":{"line":4,"column":0},"end":{"line":4,"column":63}},"4":{"start":{"line":7,"column":7},"end":{"line":20,"column":null}},"5":{"start":{"line":9,"column":4},"end":{"line":9,"column":12}},"6":{"start":{"line":8,"column":22},"end":{"line":8,"column":33}},"7":{"start":{"line":13,"column":21},"end":{"line":16,"column":6}},"8":{"start":{"line":17,"column":4},"end":{"line":17,"column":30}},"9":{"start":{"line":17,"column":18},"end":{"line":17,"column":30}},"10":{"start":{"line":18,"column":4},"end":{"line":18,"column":38}},"11":{"start":{"line":7,"column":13},"end":{"line":7,"column":25}},"12":{"start":{"line":7,"column":13},"end":{"line":20,"column":null}}},"fnMap":{"0":{"name":"(anonymous_2)","decl":{"start":{"line":8,"column":2},"end":{"line":8,"column":22}},"loc":{"start":{"line":8,"column":42},"end":{"line":10,"column":3}}},"1":{"name":"(anonymous_3)","decl":{"start":{"line":12,"column":2},"end":{"line":12,"column":13}},"loc":{"start":{"line":12,"column":39},"end":{"line":19,"column":3}}}},"branchMap":{"0":{"loc":{"start":{"line":17,"column":4},"end":{"line":17,"column":30}},"type":"if","locations":[{"start":{"line":17,"column":4},"end":{"line":17,"column":30}}]}},"s":{"0":3,"1":3,"2":3,"3":3,"4":3,"5":2,"6":2,"7":2,"8":2,"9":1,"10":1,"11":3,"12":3},"f":{"0":2,"1":2},"b":{"0":[1]}}
,"/Users/abedalftahabedalftah/Desktop/IssueFlow/src/auth/guards/roles.guard.ts": {"path":"/Users/abedalftahabedalftah/Desktop/IssueFlow/src/auth/guards/roles.guard.ts","statementMap":{"0":{"start":{"line":1,"column":0},"end":{"line":1,"column":95}},"1":{"start":{"line":2,"column":0},"end":{"line":2,"column":41}},"2":{"start":{"line":4,"column":0},"end":{"line":4,"column":58}},"3":{"start":{"line":7,"column":7},"end":{"line":22,"column":null}},"4":{"start":{"line":8,"column":22},"end":{"line":8,"column":33}},"5":{"start":{"line":11,"column":26},"end":{"line":14,"column":6}},"6":{"start":{"line":15,"column":4},"end":{"line":15,"column":66}},"7":{"start":{"line":15,"column":54},"end":{"line":15,"column":66}},"8":{"start":{"line":16,"column":21},"end":{"line":16,"column":56}},"9":{"start":{"line":17,"column":4},"end":{"line":19,"column":5}},"10":{"start":{"line":18,"column":6},"end":{"line":18,"column":63}},"11":{"start":{"line":20,"column":4},"end":{"line":20,"column":16}},"12":{"start":{"line":7,"column":13},"end":{"line":7,"column":23}},"13":{"start":{"line":7,"column":13},"end":{"line":22,"column":null}}},"fnMap":{"0":{"name":"(anonymous_2)","decl":{"start":{"line":8,"column":2},"end":{"line":8,"column":22}},"loc":{"start":{"line":8,"column":42},"end":{"line":8,"column":46}}},"1":{"name":"(anonymous_3)","decl":{"start":{"line":10,"column":2},"end":{"line":10,"column":13}},"loc":{"start":{"line":10,"column":39},"end":{"line":21,"column":3}}}},"branchMap":{"0":{"loc":{"start":{"line":15,"column":4},"end":{"line":15,"column":66}},"type":"if","locations":[{"start":{"line":15,"column":4},"end":{"line":15,"column":66}}]},"1":{"loc":{"start":{"line":15,"column":8},"end":{"line":15,"column":52}},"type":"binary-expr","locations":[{"start":{"line":15,"column":8},"end":{"line":15,"column":22}},{"start":{"line":15,"column":26},"end":{"line":15,"column":52}}]},"2":{"loc":{"start":{"line":17,"column":4},"end":{"line":19,"column":5}},"type":"if","locations":[{"start":{"line":17,"column":4},"end":{"line":19,"column":5}}]},"3":{"loc":{"start":{"line":17,"column":8},"end":{"line":17,"column":51}},"type":"binary-expr","locations":[{"start":{"line":17,"column":8},"end":{"line":17,"column":13}},{"start":{"line":17,"column":17},"end":{"line":17,"column":51}}]}},"s":{"0":1,"1":1,"2":1,"3":1,"4":5,"5":5,"6":5,"7":2,"8":3,"9":3,"10":2,"11":1,"12":1,"13":1},"f":{"0":5,"1":5},"b":{"0":[2],"1":[5,4],"2":[2],"3":[3,2]}}
,"/Users/abedalftahabedalftah/Desktop/IssueFlow/src/auth/strategies/jwt.strategy.ts": {"path":"/Users/abedalftahabedalftah/Desktop/IssueFlow/src/auth/strategies/jwt.strategy.ts","statementMap":{"0":{"start":{"line":1,"column":0},"end":{"line":1,"column":67}},"1":{"start":{"line":2,"column":0},"end":{"line":2,"column":52}},"2":{"start":{"line":3,"column":0},"end":{"line":3,"column":51}},"3":{"start":{"line":4,"column":0},"end":{"line":4,"column":52}},"4":{"start":{"line":5,"column":0},"end":{"line":5,"column":37}},"5":{"start":{"line":7,"column":0},"end":{"line":7,"column":53}},"6":{"start":{"line":8,"column":0},"end":{"line":8,"column":49}},"7":{"start":{"line":11,"column":7},"end":{"line":32,"column":null}},"8":{"start":{"line":16,"column":4},"end":{"line":21,"column":7}},"9":{"start":{"line":14,"column":21},"end":{"line":14,"column":38}},"10":{"start":{"line":25,"column":18},"end":{"line":25,"column":63}},"11":{"start":{"line":26,"column":4},"end":{"line":29,"column":5}},"12":{"start":{"line":27,"column":21},"end":{"line":27,"column":77}},"13":{"start":{"line":28,"column":6},"end":{"line":28,"column":76}},"14":{"start":{"line":28,"column":18},"end":{"line":28,"column":76}},"15":{"start":{"line":30,"column":4},"end":{"line":30,"column":79}},"16":{"start":{"line":11,"column":13},"end":{"line":11,"column":24}},"17":{"start":{"line":11,"column":13},"end":{"line":32,"column":null}}},"fnMap":{"0":{"name":"(anonymous_4)","decl":{"start":{"line":12,"column":2},"end":{"line":12,"column":null}},"loc":{"start":{"line":14,"column":61},"end":{"line":22,"column":3}}},"1":{"name":"(anonymous_5)","decl":{"start":{"line":24,"column":2},"end":{"line":24,"column":7}},"loc":{"start":{"line":24,"column":87},"end":{"line":31,"column":3}}}},"branchMap":{"0":{"loc":{"start":{"line":26,"column":4},"end":{"line":29,"column":5}},"type":"if","locations":[{"start":{"line":26,"column":4},"end":{"line":29,"column":5}}]},"1":{"loc":{"start":{"line":28,"column":6},"end":{"line":28,"column":76}},"type":"if","locations":[{"start":{"line":28,"column":6},"end":{"line":28,"column":76}}]}},"s":{"0":1,"1":1,"2":1,"3":1,"4":1,"5":1,"6":1,"7":1,"8":2,"9":2,"10":2,"11":2,"12":2,"13":2,"14":1,"15":1,"16":1,"17":1},"f":{"0":2,"1":2},"b":{"0":[2],"1":[1]}}
,"/Users/abedalftahabedalftah/Desktop/IssueFlow/src/comments/comment-mention.entity.ts": {"path":"/Users/abedalftahabedalftah/Desktop/IssueFlow/src/comments/comment-mention.entity.ts","statementMap":{"0":{"start":{"line":1,"column":0},"end":{"line":1,"column":76}},"1":{"start":{"line":2,"column":0},"end":{"line":2,"column":43}},"2":{"start":{"line":3,"column":0},"end":{"line":3,"column":44}},"3":{"start":{"line":6,"column":7},"end":{"line":21,"column":null}},"4":{"start":{"line":6,"column":13},"end":{"line":6,"column":27}},"5":{"start":{"line":8,"column":2},"end":{"line":8,"column":null}},"6":{"start":{"line":11,"column":2},"end":{"line":11,"column":null}},"7":{"start":{"line":14,"column":2},"end":{"line":14,"column":null}},"8":{"start":{"line":13,"column":19},"end":{"line":13,"column":26}},"9":{"start":{"line":13,"column":41},"end":{"line":13,"column":57}},"10":{"start":{"line":17,"column":2},"end":{"line":17,"column":null}},"11":{"start":{"line":20,"column":2},"end":{"line":20,"column":null}},"12":{"start":{"line":19,"column":19},"end":{"line":19,"column":23}},"13":{"start":{"line":6,"column":13},"end":{"line":21,"column":null}}},"fnMap":{"0":{"name":"(anonymous_2)","decl":{"start":{"line":13,"column":13},"end":{"line":13,"column":16}},"loc":{"start":{"line":13,"column":19},"end":{"line":13,"column":26}}},"1":{"name":"(anonymous_3)","decl":{"start":{"line":13,"column":28},"end":{"line":13,"column":29}},"loc":{"start":{"line":13,"column":41},"end":{"line":13,"column":57}}},"2":{"name":"(anonymous_4)","decl":{"start":{"line":19,"column":13},"end":{"line":19,"column":16}},"loc":{"start":{"line":19,"column":19},"end":{"line":19,"column":23}}}},"branchMap":{},"s":{"0":3,"1":3,"2":3,"3":3,"4":3,"5":3,"6":3,"7":3,"8":0,"9":0,"10":3,"11":3,"12":0,"13":3},"f":{"0":0,"1":0,"2":0},"b":{}}
,"/Users/abedalftahabedalftah/Desktop/IssueFlow/src/comments/comment.entity.ts": {"path":"/Users/abedalftahabedalftah/Desktop/IssueFlow/src/comments/comment.entity.ts","statementMap":{"0":{"start":{"line":1,"column":0},"end":{"line":1,"column":null}},"1":{"start":{"line":11,"column":0},"end":{"line":11,"column":44}},"2":{"start":{"line":12,"column":0},"end":{"line":12,"column":50}},"3":{"start":{"line":13,"column":0},"end":{"line":13,"column":44}},"4":{"start":{"line":14,"column":0},"end":{"line":14,"column":58}},"5":{"start":{"line":17,"column":7},"end":{"line":55,"column":null}},"6":{"start":{"line":54,"column":2},"end":{"line":54,"column":76}},"7":{"start":{"line":17,"column":13},"end":{"line":17,"column":20}},"8":{"start":{"line":19,"column":2},"end":{"line":19,"column":null}},"9":{"start":{"line":22,"column":2},"end":{"line":22,"column":null}},"10":{"start":{"line":26,"column":2},"end":{"line":26,"column":null}},"11":{"start":{"line":25,"column":19},"end":{"line":25,"column":25}},"12":{"start":{"line":29,"column":2},"end":{"line":29,"column":null}},"13":{"start":{"line":33,"column":2},"end":{"line":33,"column":null}},"14":{"start":{"line":32,"column":19},"end":{"line":32,"column":23}},"15":{"start":{"line":36,"column":2},"end":{"line":36,"column":null}},"16":{"start":{"line":40,"column":2},"end":{"line":40,"column":null}},"17":{"start":{"line":44,"column":2},"end":{"line":44,"column":null}},"18":{"start":{"line":48,"column":2},"end":{"line":48,"column":null}},"19":{"start":{"line":52,"column":2},"end":{"line":52,"column":null}},"20":{"start":{"line":51,"column":19},"end":{"line":51,"column":33}},"21":{"start":{"line":51,"column":48},"end":{"line":51,"column":63}},"22":{"start":{"line":17,"column":13},"end":{"line":55,"column":null}}},"fnMap":{"0":{"name":"(anonymous_2)","decl":{"start":{"line":17,"column":7},"end":{"line":17,"column":13}},"loc":{"start":{"line":17,"column":7},"end":{"line":55,"column":1}}},"1":{"name":"(anonymous_3)","decl":{"start":{"line":25,"column":13},"end":{"line":25,"column":16}},"loc":{"start":{"line":25,"column":19},"end":{"line":25,"column":25}}},"2":{"name":"(anonymous_4)","decl":{"start":{"line":32,"column":13},"end":{"line":32,"column":16}},"loc":{"start":{"line":32,"column":19},"end":{"line":32,"column":23}}},"3":{"name":"(anonymous_5)","decl":{"start":{"line":51,"column":13},"end":{"line":51,"column":16}},"loc":{"start":{"line":51,"column":19},"end":{"line":51,"column":33}}},"4":{"name":"(anonymous_6)","decl":{"start":{"line":51,"column":35},"end":{"line":51,"column":36}},"loc":{"start":{"line":51,"column":48},"end":{"line":51,"column":63}}}},"branchMap":{},"s":{"0":3,"1":3,"2":3,"3":3,"4":3,"5":3,"6":0,"7":3,"8":3,"9":3,"10":3,"11":0,"12":3,"13":3,"14":0,"15":3,"16":3,"17":3,"18":3,"19":3,"20":0,"21":0,"22":3},"f":{"0":0,"1":0,"2":0,"3":0,"4":0},"b":{}}
,"/Users/abedalftahabedalftah/Desktop/IssueFlow/src/comments/comments.controller.ts": {"path":"/Users/abedalftahabedalftah/Desktop/IssueFlow/src/comments/comments.controller.ts","statementMap":{"0":{"start":{"line":1,"column":0},"end":{"line":1,"column":null}},"1":{"start":{"line":12,"column":0},"end":{"line":12,"column":53}},"2":{"start":{"line":13,"column":0},"end":{"line":13,"column":60}},"3":{"start":{"line":14,"column":0},"end":{"line":14,"column":60}},"4":{"start":{"line":17,"column":7},"end":{"line":50,"column":null}},"5":{"start":{"line":18,"column":31},"end":{"line":18,"column":48}},"6":{"start":{"line":22,"column":4},"end":{"line":22,"column":58}},"7":{"start":{"line":31,"column":4},"end":{"line":31,"column":54}},"8":{"start":{"line":40,"column":4},"end":{"line":40,"column":64}},"9":{"start":{"line":48,"column":4},"end":{"line":48,"column":60}},"10":{"start":{"line":17,"column":13},"end":{"line":17,"column":31}},"11":{"start":{"line":21,"column":2},"end":{"line":23,"column":null}},"12":{"start":{"line":27,"column":2},"end":{"line":32,"column":null}},"13":{"start":{"line":35,"column":8},"end":{"line":41,"column":null}},"14":{"start":{"line":44,"column":2},"end":{"line":49,"column":null}},"15":{"start":{"line":17,"column":13},"end":{"line":50,"column":null}}},"fnMap":{"0":{"name":"(anonymous_4)","decl":{"start":{"line":18,"column":2},"end":{"line":18,"column":31}},"loc":{"start":{"line":18,"column":63},"end":{"line":18,"column":67}}},"1":{"name":"(anonymous_5)","decl":{"start":{"line":21,"column":2},"end":{"line":21,"column":9}},"loc":{"start":{"line":21,"column":59},"end":{"line":23,"column":3}}},"2":{"name":"(anonymous_6)","decl":{"start":{"line":27,"column":2},"end":{"line":27,"column":8}},"loc":{"start":{"line":29,"column":33},"end":{"line":32,"column":3}}},"3":{"name":"(anonymous_7)","decl":{"start":{"line":35,"column":2},"end":{"line":35,"column":7}},"loc":{"start":{"line":38,"column":33},"end":{"line":41,"column":3}}},"4":{"name":"(anonymous_8)","decl":{"start":{"line":44,"column":2},"end":{"line":44,"column":8}},"loc":{"start":{"line":46,"column":55},"end":{"line":49,"column":3}}}},"branchMap":{},"s":{"0":1,"1":1,"2":1,"3":1,"4":1,"5":4,"6":1,"7":1,"8":1,"9":1,"10":1,"11":1,"12":1,"13":1,"14":1,"15":1},"f":{"0":4,"1":1,"2":1,"3":1,"4":1},"b":{}}
,"/Users/abedalftahabedalftah/Desktop/IssueFlow/src/comments/comments.module.ts": {"path":"/Users/abedalftahabedalftah/Desktop/IssueFlow/src/comments/comments.module.ts","statementMap":{"0":{"start":{"line":1,"column":0},"end":{"line":1,"column":52}},"1":{"start":{"line":2,"column":0},"end":{"line":2,"column":48}},"2":{"start":{"line":3,"column":0},"end":{"line":3,"column":43}},"3":{"start":{"line":4,"column":0},"end":{"line":4,"column":58}},"4":{"start":{"line":5,"column":0},"end":{"line":5,"column":53}},"5":{"start":{"line":6,"column":0},"end":{"line":6,"column":59}},"6":{"start":{"line":7,"column":0},"end":{"line":7,"column":58}},"7":{"start":{"line":8,"column":0},"end":{"line":8,"column":52}},"8":{"start":{"line":20,"column":7},"end":{"line":20,"column":null}},"9":{"start":{"line":20,"column":13},"end":{"line":20,"column":27}},"10":{"start":{"line":20,"column":13},"end":{"line":20,"column":null}},"11":{"start":{"line":13,"column":21},"end":{"line":13,"column":34}},"12":{"start":{"line":14,"column":21},"end":{"line":14,"column":32}}},"fnMap":{"0":{"name":"(anonymous_1)","decl":{"start":{"line":13,"column":15},"end":{"line":13,"column":18}},"loc":{"start":{"line":13,"column":21},"end":{"line":13,"column":34}}},"1":{"name":"(anonymous_2)","decl":{"start":{"line":14,"column":15},"end":{"line":14,"column":18}},"loc":{"start":{"line":14,"column":21},"end":{"line":14,"column":32}}}},"branchMap":{},"s":{"0":0,"1":0,"2":0,"3":0,"4":0,"5":0,"6":0,"7":0,"8":0,"9":0,"10":0,"11":0,"12":0},"f":{"0":0,"1":0},"b":{}}
,"/Users/abedalftahabedalftah/Desktop/IssueFlow/src/comments/comments.service.ts": {"path":"/Users/abedalftahabedalftah/Desktop/IssueFlow/src/comments/comments.service.ts","statementMap":{"0":{"start":{"line":1,"column":0},"end":{"line":1,"column":null}},"1":{"start":{"line":7,"column":0},"end":{"line":7,"column":51}},"2":{"start":{"line":8,"column":0},"end":{"line":8,"column":73}},"3":{"start":{"line":9,"column":0},"end":{"line":9,"column":43}},"4":{"start":{"line":10,"column":0},"end":{"line":10,"column":58}},"5":{"start":{"line":13,"column":0},"end":{"line":13,"column":60}},"6":{"start":{"line":14,"column":0},"end":{"line":14,"column":54}},"7":{"start":{"line":15,"column":0},"end":{"line":15,"column":51}},"8":{"start":{"line":17,"column":0},"end":{"line":17,"column":50}},"9":{"start":{"line":20,"column":7},"end":{"line":203,"column":null}},"10":{"start":{"line":23,"column":21},"end":{"line":23,"column":41}},"11":{"start":{"line":25,"column":21},"end":{"line":25,"column":40}},"12":{"start":{"line":26,"column":21},"end":{"line":26,"column":37}},"13":{"start":{"line":27,"column":21},"end":{"line":27,"column":35}},"14":{"start":{"line":28,"column":21},"end":{"line":28,"column":34}},"15":{"start":{"line":32,"column":4},"end":{"line":32,"column":48}},"16":{"start":{"line":33,"column":21},"end":{"line":36,"column":6}},"17":{"start":{"line":37,"column":4},"end":{"line":37,"column":53}},"18":{"start":{"line":41,"column":4},"end":{"line":41,"column":48}},"19":{"start":{"line":42,"column":4},"end":{"line":42,"column":50}},"20":{"start":{"line":44,"column":22},"end":{"line":44,"column":50}},"21":{"start":{"line":45,"column":27},"end":{"line":45,"column":64}},"22":{"start":{"line":47,"column":20},"end":{"line":51,"column":6}},"23":{"start":{"line":52,"column":18},"end":{"line":52,"column":61}},"24":{"start":{"line":54,"column":4},"end":{"line":60,"column":5}},"25":{"start":{"line":55,"column":6},"end":{"line":59,"column":8}},"26":{"start":{"line":57,"column":10},"end":{"line":57,"column":78}},"27":{"start":{"line":62,"column":4},"end":{"line":66,"column":8}},"28":{"start":{"line":62,"column":54},"end":{"line":66,"column":6}},"29":{"start":{"line":68,"column":4},"end":{"line":68,"column":84}},"30":{"start":{"line":70,"column":4},"end":{"line":70,"column":17}},"31":{"start":{"line":78,"column":4},"end":{"line":78,"column":48}},"32":{"start":{"line":79,"column":20},"end":{"line":79,"column":63}},"33":{"start":{"line":81,"column":22},"end":{"line":81,"column":50}},"34":{"start":{"line":82,"column":27},"end":{"line":82,"column":64}},"35":{"start":{"line":84,"column":4},"end":{"line":84,"column":34}},"36":{"start":{"line":86,"column":4},"end":{"line":93,"column":5}},"37":{"start":{"line":87,"column":6},"end":{"line":87,"column":58}},"38":{"start":{"line":89,"column":6},"end":{"line":91,"column":7}},"39":{"start":{"line":90,"column":8},"end":{"line":90,"column":79}},"40":{"start":{"line":92,"column":6},"end":{"line":92,"column":16}},"41":{"start":{"line":95,"column":21},"end":{"line":95,"column":80}},"42":{"start":{"line":96,"column":28},"end":{"line":96,"column":66}},"43":{"start":{"line":96,"column":56},"end":{"line":96,"column":64}},"44":{"start":{"line":97,"column":23},"end":{"line":97,"column":63}},"45":{"start":{"line":97,"column":57},"end":{"line":97,"column":61}},"46":{"start":{"line":99,"column":18},"end":{"line":99,"column":74}},"47":{"start":{"line":99,"column":47},"end":{"line":99,"column":73}},"48":{"start":{"line":100,"column":21},"end":{"line":100,"column":70}},"49":{"start":{"line":100,"column":44},"end":{"line":100,"column":69}},"50":{"start":{"line":102,"column":4},"end":{"line":108,"column":5}},"51":{"start":{"line":103,"column":6},"end":{"line":107,"column":8}},"52":{"start":{"line":105,"column":10},"end":{"line":105,"column":68}},"53":{"start":{"line":109,"column":4},"end":{"line":111,"column":5}},"54":{"start":{"line":110,"column":6},"end":{"line":110,"column":52}},"55":{"start":{"line":113,"column":4},"end":{"line":117,"column":8}},"56":{"start":{"line":113,"column":54},"end":{"line":117,"column":6}},"57":{"start":{"line":119,"column":4},"end":{"line":121,"column":5}},"58":{"start":{"line":120,"column":6},"end":{"line":120,"column":81}},"59":{"start":{"line":123,"column":4},"end":{"line":123,"column":17}},"60":{"start":{"line":127,"column":4},"end":{"line":127,"column":48}},"61":{"start":{"line":128,"column":20},"end":{"line":128,"column":63}},"62":{"start":{"line":129,"column":4},"end":{"line":129,"column":50}},"63":{"start":{"line":137,"column":4},"end":{"line":137,"column":44}},"64":{"start":{"line":139,"column":30},"end":{"line":145,"column":6}},"65":{"start":{"line":147,"column":17},"end":{"line":147,"column":76}},"66":{"start":{"line":147,"column":37},"end":{"line":147,"column":75}},"67":{"start":{"line":148,"column":4},"end":{"line":148,"column":33}},"68":{"start":{"line":152,"column":4},"end":{"line":152,"column":37}},"69":{"start":{"line":152,"column":27},"end":{"line":152,"column":37}},"70":{"start":{"line":153,"column":18},"end":{"line":153,"column":68}},"71":{"start":{"line":154,"column":4},"end":{"line":160,"column":5}},"72":{"start":{"line":155,"column":20},"end":{"line":155,"column":71}},"73":{"start":{"line":155,"column":45},"end":{"line":155,"column":69}},"74":{"start":{"line":156,"column":22},"end":{"line":156,"column":60}},"75":{"start":{"line":156,"column":46},"end":{"line":156,"column":59}},"76":{"start":{"line":157,"column":6},"end":{"line":159,"column":8}},"77":{"start":{"line":161,"column":4},"end":{"line":161,"column":17}},"78":{"start":{"line":165,"column":4},"end":{"line":169,"column":8}},"79":{"start":{"line":165,"column":66},"end":{"line":169,"column":6}},"80":{"start":{"line":170,"column":4},"end":{"line":170,"column":19}},"81":{"start":{"line":179,"column":4},"end":{"line":190,"column":22}},"82":{"start":{"line":181,"column":23},"end":{"line":181,"column":30}},"83":{"start":{"line":183,"column":10},"end":{"line":187,"column":null}},"84":{"start":{"line":197,"column":20},"end":{"line":199,"column":6}},"85":{"start":{"line":200,"column":4},"end":{"line":200,"column":80}},"86":{"start":{"line":200,"column":18},"end":{"line":200,"column":80}},"87":{"start":{"line":201,"column":4},"end":{"line":201,"column":19}},"88":{"start":{"line":20,"column":13},"end":{"line":20,"column":28}},"89":{"start":{"line":20,"column":13},"end":{"line":203,"column":null}}},"fnMap":{"0":{"name":"(anonymous_4)","decl":{"start":{"line":21,"column":2},"end":{"line":21,"column":null}},"loc":{"start":{"line":28,"column":45},"end":{"line":29,"column":6}}},"1":{"name":"(anonymous_5)","decl":{"start":{"line":31,"column":2},"end":{"line":31,"column":7}},"loc":{"start":{"line":31,"column":40},"end":{"line":38,"column":3}}},"2":{"name":"(anonymous_6)","decl":{"start":{"line":40,"column":2},"end":{"line":40,"column":7}},"loc":{"start":{"line":40,"column":54},"end":{"line":71,"column":3}}},"3":{"name":"(anonymous_7)","decl":{"start":{"line":56,"column":27},"end":{"line":56,"column":28}},"loc":{"start":{"line":57,"column":10},"end":{"line":57,"column":78}}},"4":{"name":"(anonymous_8)","decl":{"start":{"line":62,"column":46},"end":{"line":62,"column":47}},"loc":{"start":{"line":62,"column":54},"end":{"line":66,"column":6}}},"5":{"name":"(anonymous_9)","decl":{"start":{"line":73,"column":2},"end":{"line":73,"column":7}},"loc":{"start":{"line":76,"column":25},"end":{"line":124,"column":3}}},"6":{"name":"(anonymous_10)","decl":{"start":{"line":96,"column":49},"end":{"line":96,"column":50}},"loc":{"start":{"line":96,"column":56},"end":{"line":96,"column":64}}},"7":{"name":"(anonymous_11)","decl":{"start":{"line":97,"column":50},"end":{"line":97,"column":51}},"loc":{"start":{"line":97,"column":57},"end":{"line":97,"column":61}}},"8":{"name":"(anonymous_12)","decl":{"start":{"line":99,"column":40},"end":{"line":99,"column":41}},"loc":{"start":{"line":99,"column":47},"end":{"line":99,"column":73}}},"9":{"name":"(anonymous_13)","decl":{"start":{"line":100,"column":37},"end":{"line":100,"column":38}},"loc":{"start":{"line":100,"column":44},"end":{"line":100,"column":69}}},"10":{"name":"(anonymous_14)","decl":{"start":{"line":104,"column":18},"end":{"line":104,"column":19}},"loc":{"start":{"line":105,"column":10},"end":{"line":105,"column":68}}},"11":{"name":"(anonymous_15)","decl":{"start":{"line":113,"column":46},"end":{"line":113,"column":47}},"loc":{"start":{"line":113,"column":54},"end":{"line":117,"column":6}}},"12":{"name":"(anonymous_16)","decl":{"start":{"line":126,"column":2},"end":{"line":126,"column":7}},"loc":{"start":{"line":126,"column":50},"end":{"line":130,"column":3}}},"13":{"name":"(anonymous_17)","decl":{"start":{"line":132,"column":2},"end":{"line":132,"column":7}},"loc":{"start":{"line":135,"column":20},"end":{"line":149,"column":3}}},"14":{"name":"(anonymous_18)","decl":{"start":{"line":147,"column":30},"end":{"line":147,"column":31}},"loc":{"start":{"line":147,"column":37},"end":{"line":147,"column":75}}},"15":{"name":"(anonymous_19)","decl":{"start":{"line":151,"column":10},"end":{"line":151,"column":15}},"loc":{"start":{"line":151,"column":51},"end":{"line":162,"column":3}}},"16":{"name":"(anonymous_20)","decl":{"start":{"line":155,"column":38},"end":{"line":155,"column":39}},"loc":{"start":{"line":155,"column":45},"end":{"line":155,"column":69}}},"17":{"name":"(anonymous_21)","decl":{"start":{"line":156,"column":39},"end":{"line":156,"column":40}},"loc":{"start":{"line":156,"column":46},"end":{"line":156,"column":59}}},"18":{"name":"(anonymous_22)","decl":{"start":{"line":164,"column":10},"end":{"line":164,"column":32}},"loc":{"start":{"line":164,"column":49},"end":{"line":171,"column":3}}},"19":{"name":"(anonymous_23)","decl":{"start":{"line":165,"column":58},"end":{"line":165,"column":59}},"loc":{"start":{"line":165,"column":66},"end":{"line":169,"column":6}}},"20":{"name":"(anonymous_24)","decl":{"start":{"line":173,"column":10},"end":{"line":173,"column":31}},"loc":{"start":{"line":177,"column":19},"end":{"line":191,"column":3}}},"21":{"name":"(anonymous_25)","decl":{"start":{"line":181,"column":16},"end":{"line":181,"column":17}},"loc":{"start":{"line":181,"column":23},"end":{"line":181,"column":30}}},"22":{"name":"(anonymous_26)","decl":{"start":{"line":182,"column":13},"end":{"line":182,"column":14}},"loc":{"start":{"line":183,"column":10},"end":{"line":187,"column":null}}},"23":{"name":"(anonymous_27)","decl":{"start":{"line":190,"column":12},"end":{"line":190,"column":15}},"loc":{"start":{"line":190,"column":17},"end":{"line":190,"column":20}}},"24":{"name":"(anonymous_28)","decl":{"start":{"line":193,"column":10},"end":{"line":193,"column":15}},"loc":{"start":{"line":195,"column":21},"end":{"line":202,"column":3}}}},"branchMap":{"0":{"loc":{"start":{"line":54,"column":4},"end":{"line":60,"column":5}},"type":"if","locations":[{"start":{"line":54,"column":4},"end":{"line":60,"column":5}}]},"1":{"loc":{"start":{"line":89,"column":6},"end":{"line":91,"column":7}},"type":"if","locations":[{"start":{"line":89,"column":6},"end":{"line":91,"column":7}}]},"2":{"loc":{"start":{"line":102,"column":4},"end":{"line":108,"column":5}},"type":"if","locations":[{"start":{"line":102,"column":4},"end":{"line":108,"column":5}}]},"3":{"loc":{"start":{"line":109,"column":4},"end":{"line":111,"column":5}},"type":"if","locations":[{"start":{"line":109,"column":4},"end":{"line":111,"column":5}}]},"4":{"loc":{"start":{"line":119,"column":4},"end":{"line":121,"column":5}},"type":"if","locations":[{"start":{"line":119,"column":4},"end":{"line":121,"column":5}}]},"5":{"loc":{"start":{"line":152,"column":4},"end":{"line":152,"column":37}},"type":"if","locations":[{"start":{"line":152,"column":4},"end":{"line":152,"column":37}}]},"6":{"loc":{"start":{"line":154,"column":4},"end":{"line":160,"column":5}},"type":"if","locations":[{"start":{"line":154,"column":4},"end":{"line":160,"column":5}}]},"7":{"loc":{"start":{"line":165,"column":30},"end":{"line":165,"column":52}},"type":"binary-expr","locations":[{"start":{"line":165,"column":30},"end":{"line":165,"column":46}},{"start":{"line":165,"column":50},"end":{"line":165,"column":52}}]},"8":{"loc":{"start":{"line":200,"column":4},"end":{"line":200,"column":80}},"type":"if","locations":[{"start":{"line":200,"column":4},"end":{"line":200,"column":80}}]}},"s":{"0":3,"1":3,"2":3,"3":3,"4":3,"5":3,"6":3,"7":3,"8":3,"9":3,"10":13,"11":13,"12":13,"13":13,"14":13,"15":2,"16":1,"17":1,"18":4,"19":3,"20":3,"21":3,"22":2,"23":2,"24":2,"25":1,"26":1,"27":2,"28":1,"29":2,"30":2,"31":5,"32":5,"33":4,"34":4,"35":4,"36":4,"37":4,"38":1,"39":1,"40":0,"41":3,"42":3,"43":2,"44":3,"45":3,"46":3,"47":3,"48":3,"49":2,"50":3,"51":2,"52":2,"53":3,"54":1,"55":3,"56":3,"57":3,"58":2,"59":3,"60":2,"61":2,"62":1,"63":0,"64":0,"65":0,"66":0,"67":0,"68":7,"69":3,"70":4,"71":4,"72":1,"73":0,"74":1,"75":1,"76":1,"77":3,"78":1,"79":1,"80":1,"81":4,"82":3,"83":3,"84":7,"85":7,"86":2,"87":5,"88":3,"89":3},"f":{"0":13,"1":2,"2":4,"3":1,"4":1,"5":5,"6":2,"7":3,"8":3,"9":2,"10":2,"11":3,"12":2,"13":0,"14":0,"15":7,"16":0,"17":1,"18":1,"19":1,"20":4,"21":3,"22":3,"23":1,"24":7},"b":{"0":[1],"1":[1],"2":[2],"3":[1],"4":[2],"5":[3],"6":[1],"7":[1,0],"8":[2]}}
,"/Users/abedalftahabedalftah/Desktop/IssueFlow/src/comments/mentions.util.ts": {"path":"/Users/abedalftahabedalftah/Desktop/IssueFlow/src/comments/mentions.util.ts","statementMap":{"0":{"start":{"line":1,"column":0},"end":{"line":1,"column":16}},"1":{"start":{"line":2,"column":18},"end":{"line":2,"column":55}},"2":{"start":{"line":3,"column":15},"end":{"line":3,"column":32}},"3":{"start":{"line":4,"column":2},"end":{"line":6,"column":3}},"4":{"start":{"line":5,"column":4},"end":{"line":5,"column":33}},"5":{"start":{"line":7,"column":2},"end":{"line":7,"column":19}}},"fnMap":{"0":{"name":"extractMentions","decl":{"start":{"line":1,"column":16},"end":{"line":1,"column":31}},"loc":{"start":{"line":1,"column":47},"end":{"line":8,"column":1}}}},"branchMap":{},"s":{"0":4,"1":14,"2":14,"3":14,"4":14,"5":14},"f":{"0":14},"b":{}}
,"/Users/abedalftahabedalftah/Desktop/IssueFlow/src/comments/dto/create-comment.dto.ts": {"path":"/Users/abedalftahabedalftah/Desktop/IssueFlow/src/comments/dto/create-comment.dto.ts","statementMap":{"0":{"start":{"line":1,"column":0},"end":{"line":1,"column":62}},"1":{"start":{"line":3,"column":0},"end":{"line":3,"column":13}},"2":{"start":{"line":5,"column":2},"end":{"line":5,"column":null}},"3":{"start":{"line":9,"column":2},"end":{"line":9,"column":null}}},"fnMap":{},"branchMap":{},"s":{"0":1,"1":1,"2":1,"3":1},"f":{},"b":{}}
,"/Users/abedalftahabedalftah/Desktop/IssueFlow/src/comments/dto/mentioned-user.dto.ts": {"path":"/Users/abedalftahabedalftah/Desktop/IssueFlow/src/comments/dto/mentioned-user.dto.ts","statementMap":{"0":{"start":{"line":1,"column":0},"end":{"line":1,"column":13}}},"fnMap":{},"branchMap":{},"s":{"0":0},"f":{},"b":{}}
,"/Users/abedalftahabedalftah/Desktop/IssueFlow/src/comments/dto/update-comment.dto.ts": {"path":"/Users/abedalftahabedalftah/Desktop/IssueFlow/src/comments/dto/update-comment.dto.ts","statementMap":{"0":{"start":{"line":1,"column":0},"end":{"line":1,"column":55}},"1":{"start":{"line":3,"column":0},"end":{"line":3,"column":13}},"2":{"start":{"line":6,"column":2},"end":{"line":6,"column":null}}},"fnMap":{},"branchMap":{},"s":{"0":1,"1":1,"2":1},"f":{},"b":{}}
,"/Users/abedalftahabedalftah/Desktop/IssueFlow/src/database/data-source.ts": {"path":"/Users/abedalftahabedalftah/Desktop/IssueFlow/src/database/data-source.ts","statementMap":{"0":{"start":{"line":1,"column":0},"end":{"line":1,"column":37}},"1":{"start":{"line":3,"column":13},"end":{"line":13,"column":3}}},"fnMap":{},"branchMap":{"0":{"loc":{"start":{"line":5,"column":8},"end":{"line":5,"column":42}},"type":"binary-expr","locations":[{"start":{"line":5,"column":8},"end":{"line":5,"column":27}},{"start":{"line":5,"column":31},"end":{"line":5,"column":42}}]},"1":{"loc":{"start":{"line":6,"column":17},"end":{"line":6,"column":46}},"type":"binary-expr","locations":[{"start":{"line":6,"column":17},"end":{"line":6,"column":36}},{"start":{"line":6,"column":40},"end":{"line":6,"column":46}}]},"2":{"loc":{"start":{"line":7,"column":12},"end":{"line":7,"column":46}},"type":"binary-expr","locations":[{"start":{"line":7,"column":12},"end":{"line":7,"column":31}},{"start":{"line":7,"column":35},"end":{"line":7,"column":46}}]},"3":{"loc":{"start":{"line":8,"column":12},"end":{"line":8,"column":46}},"type":"binary-expr","locations":[{"start":{"line":8,"column":12},"end":{"line":8,"column":31}},{"start":{"line":8,"column":35},"end":{"line":8,"column":46}}]},"4":{"loc":{"start":{"line":9,"column":12},"end":{"line":9,"column":46}},"type":"binary-expr","locations":[{"start":{"line":9,"column":12},"end":{"line":9,"column":31}},{"start":{"line":9,"column":35},"end":{"line":9,"column":46}}]}},"s":{"0":0,"1":0},"f":{},"b":{"0":[0,0],"1":[0,0],"2":[0,0],"3":[0,0],"4":[0,0]}}
,"/Users/abedalftahabedalftah/Desktop/IssueFlow/src/database/migrations/1716000000000-AuditTriggers.js": {"path":"/Users/abedalftahabedalftah/Desktop/IssueFlow/src/database/migrations/1716000000000-AuditTriggers.js","statementMap":{"0":{"start":{"line":2,"column":0},"end":{"line":2,"column":62}},"1":{"start":{"line":3,"column":0},"end":{"line":3,"column":44}},"2":{"start":{"line":6,"column":8},"end":{"line":6,"column":49}},"3":{"start":{"line":9,"column":8},"end":{"line":70,"column":7}},"4":{"start":{"line":71,"column":23},"end":{"line":78,"column":9}},"5":{"start":{"line":79,"column":8},"end":{"line":85,"column":9}},"6":{"start":{"line":80,"column":12},"end":{"line":84,"column":9}},"7":{"start":{"line":88,"column":23},"end":{"line":88,"column":100}},"8":{"start":{"line":89,"column":8},"end":{"line":91,"column":9}},"9":{"start":{"line":90,"column":12},"end":{"line":90,"column":92}},"10":{"start":{"line":92,"column":8},"end":{"line":92,"column":86}},"11":{"start":{"line":95,"column":0},"end":{"line":95,"column":64}}},"fnMap":{"0":{"name":"(anonymous_0)","decl":{"start":{"line":5,"column":4},"end":{"line":5,"column":5}},"loc":{"start":{"line":5,"column":18},"end":{"line":7,"column":5}},"line":5},"1":{"name":"(anonymous_1)","decl":{"start":{"line":8,"column":4},"end":{"line":8,"column":5}},"loc":{"start":{"line":8,"column":26},"end":{"line":86,"column":5}},"line":8},"2":{"name":"(anonymous_2)","decl":{"start":{"line":87,"column":4},"end":{"line":87,"column":5}},"loc":{"start":{"line":87,"column":28},"end":{"line":93,"column":5}},"line":87}},"branchMap":{},"s":{"0":0,"1":0,"2":0,"3":0,"4":0,"5":0,"6":0,"7":0,"8":0,"9":0,"10":0,"11":0},"f":{"0":0,"1":0,"2":0},"b":{}}
,"/Users/abedalftahabedalftah/Desktop/IssueFlow/src/database/migrations/1716000000000-AuditTriggers.ts": {"path":"/Users/abedalftahabedalftah/Desktop/IssueFlow/src/database/migrations/1716000000000-AuditTriggers.ts","statementMap":{"0":{"start":{"line":4,"column":2},"end":{"line":4,"column":38}},"1":{"start":{"line":7,"column":4},"end":{"line":68,"column":7}},"2":{"start":{"line":70,"column":65},"end":{"line":77,"column":6}},"3":{"start":{"line":79,"column":4},"end":{"line":85,"column":5}},"4":{"start":{"line":80,"column":6},"end":{"line":84,"column":9}},"5":{"start":{"line":89,"column":19},"end":{"line":89,"column":96}},"6":{"start":{"line":90,"column":4},"end":{"line":92,"column":5}},"7":{"start":{"line":91,"column":6},"end":{"line":91,"column":86}},"8":{"start":{"line":93,"column":4},"end":{"line":93,"column":82}},"9":{"start":{"line":3,"column":0},"end":{"line":3,"column":13}}},"fnMap":{"0":{"name":"(anonymous_0)","decl":{"start":{"line":3,"column":0},"end":{"line":3,"column":13}},"loc":{"start":{"line":3,"column":0},"end":{"line":95,"column":1}}},"1":{"name":"(anonymous_1)","decl":{"start":{"line":6,"column":2},"end":{"line":6,"column":7}},"loc":{"start":{"line":6,"column":35},"end":{"line":86,"column":3}}},"2":{"name":"(anonymous_2)","decl":{"start":{"line":88,"column":2},"end":{"line":88,"column":7}},"loc":{"start":{"line":88,"column":37},"end":{"line":94,"column":3}}}},"branchMap":{},"s":{"0":0,"1":0,"2":0,"3":0,"4":0,"5":0,"6":0,"7":0,"8":0,"9":0},"f":{"0":0,"1":0,"2":0},"b":{}}
,"/Users/abedalftahabedalftah/Desktop/IssueFlow/src/database/migrations/1716000000001-FixAuditTriggerDeletedAt.js": {"path":"/Users/abedalftahabedalftah/Desktop/IssueFlow/src/database/migrations/1716000000001-FixAuditTriggerDeletedAt.js","statementMap":{"0":{"start":{"line":2,"column":0},"end":{"line":2,"column":62}},"1":{"start":{"line":3,"column":0},"end":{"line":3,"column":55}},"2":{"start":{"line":6,"column":8},"end":{"line":6,"column":60}},"3":{"start":{"line":9,"column":8},"end":{"line":71,"column":7}},"4":{"start":{"line":77,"column":0},"end":{"line":77,"column":86}}},"fnMap":{"0":{"name":"(anonymous_0)","decl":{"start":{"line":5,"column":4},"end":{"line":5,"column":5}},"loc":{"start":{"line":5,"column":18},"end":{"line":7,"column":5}},"line":5},"1":{"name":"(anonymous_1)","decl":{"start":{"line":8,"column":4},"end":{"line":8,"column":5}},"loc":{"start":{"line":8,"column":26},"end":{"line":72,"column":5}},"line":8},"2":{"name":"(anonymous_2)","decl":{"start":{"line":73,"column":4},"end":{"line":73,"column":5}},"loc":{"start":{"line":73,"column":28},"end":{"line":75,"column":5}},"line":73}},"branchMap":{},"s":{"0":0,"1":0,"2":0,"3":0,"4":0},"f":{"0":0,"1":0,"2":0},"b":{}}
,"/Users/abedalftahabedalftah/Desktop/IssueFlow/src/database/migrations/1716000000001-FixAuditTriggerDeletedAt.ts": {"path":"/Users/abedalftahabedalftah/Desktop/IssueFlow/src/database/migrations/1716000000001-FixAuditTriggerDeletedAt.ts","statementMap":{"0":{"start":{"line":4,"column":2},"end":{"line":4,"column":49}},"1":{"start":{"line":7,"column":4},"end":{"line":69,"column":7}},"2":{"start":{"line":3,"column":0},"end":{"line":3,"column":13}}},"fnMap":{"0":{"name":"(anonymous_0)","decl":{"start":{"line":3,"column":0},"end":{"line":3,"column":13}},"loc":{"start":{"line":3,"column":0},"end":{"line":75,"column":1}}},"1":{"name":"(anonymous_1)","decl":{"start":{"line":6,"column":2},"end":{"line":6,"column":7}},"loc":{"start":{"line":6,"column":35},"end":{"line":70,"column":3}}},"2":{"name":"(anonymous_2)","decl":{"start":{"line":72,"column":2},"end":{"line":72,"column":7}},"loc":{"start":{"line":72,"column":37},"end":{"line":74,"column":3}}}},"branchMap":{},"s":{"0":0,"1":0,"2":0},"f":{"0":0,"1":0,"2":0},"b":{}}
,"/Users/abedalftahabedalftah/Desktop/IssueFlow/src/database/migrations/1716000000002-UppercaseAuditEntityTypes.js": {"path":"/Users/abedalftahabedalftah/Desktop/IssueFlow/src/database/migrations/1716000000002-UppercaseAuditEntityTypes.js","statementMap":{"0":{"start":{"line":2,"column":0},"end":{"line":2,"column":62}},"1":{"start":{"line":3,"column":0},"end":{"line":3,"column":56}},"2":{"start":{"line":6,"column":8},"end":{"line":6,"column":61}},"3":{"start":{"line":9,"column":23},"end":{"line":16,"column":9}},"4":{"start":{"line":17,"column":8},"end":{"line":19,"column":9}},"5":{"start":{"line":18,"column":12},"end":{"line":18,"column":92}},"6":{"start":{"line":20,"column":8},"end":{"line":26,"column":9}},"7":{"start":{"line":21,"column":12},"end":{"line":25,"column":9}},"8":{"start":{"line":27,"column":8},"end":{"line":39,"column":7}},"9":{"start":{"line":42,"column":23},"end":{"line":49,"column":9}},"10":{"start":{"line":50,"column":8},"end":{"line":52,"column":9}},"11":{"start":{"line":51,"column":12},"end":{"line":51,"column":92}},"12":{"start":{"line":53,"column":8},"end":{"line":59,"column":9}},"13":{"start":{"line":54,"column":12},"end":{"line":58,"column":9}},"14":{"start":{"line":62,"column":0},"end":{"line":62,"column":88}}},"fnMap":{"0":{"name":"(anonymous_0)","decl":{"start":{"line":5,"column":4},"end":{"line":5,"column":5}},"loc":{"start":{"line":5,"column":18},"end":{"line":7,"column":5}},"line":5},"1":{"name":"(anonymous_1)","decl":{"start":{"line":8,"column":4},"end":{"line":8,"column":5}},"loc":{"start":{"line":8,"column":26},"end":{"line":40,"column":5}},"line":8},"2":{"name":"(anonymous_2)","decl":{"start":{"line":41,"column":4},"end":{"line":41,"column":5}},"loc":{"start":{"line":41,"column":28},"end":{"line":60,"column":5}},"line":41}},"branchMap":{},"s":{"0":0,"1":0,"2":0,"3":0,"4":0,"5":0,"6":0,"7":0,"8":0,"9":0,"10":0,"11":0,"12":0,"13":0,"14":0},"f":{"0":0,"1":0,"2":0},"b":{}}
[...]
,"/Users/abedalftahabedalftah/Desktop/IssueFlow/src/tickets/dto/export-tickets-query.dto.ts": {"path":"/Users/abedalftahabedalftah/Desktop/IssueFlow/src/tickets/dto/export-tickets-query.dto.ts","statementMap":{"0":{"start":{"line":1,"column":0},"end":{"line":1,"column":55}},"1":{"start":{"line":3,"column":0},"end":{"line":3,"column":13}},"2":{"start":{"line":6,"column":2},"end":{"line":6,"column":null}}},"fnMap":{},"branchMap":{},"s":{"0":1,"1":1,"2":1},"f":{},"b":{}}
,"/Users/abedalftahabedalftah/Desktop/IssueFlow/src/tickets/dto/import-result.dto.ts": {"path":"/Users/abedalftahabedalftah/Desktop/IssueFlow/src/tickets/dto/import-result.dto.ts","statementMap":{"0":{"start":{"line":1,"column":0},"end":{"line":1,"column":13}}},"fnMap":{},"branchMap":{},"s":{"0":0},"f":{},"b":{}}
,"/Users/abedalftahabedalftah/Desktop/IssueFlow/src/tickets/dto/import-tickets.dto.ts": {"path":"/Users/abedalftahabedalftah/Desktop/IssueFlow/src/tickets/dto/import-tickets.dto.ts","statementMap":{"0":{"start":{"line":1,"column":0},"end":{"line":1,"column":55}},"1":{"start":{"line":3,"column":0},"end":{"line":3,"column":13}},"2":{"start":{"line":6,"column":2},"end":{"line":6,"column":null}}},"fnMap":{},"branchMap":{},"s":{"0":1,"1":1,"2":1},"f":{},"b":{}}
,"/Users/abedalftahabedalftah/Desktop/IssueFlow/src/tickets/dto/update-ticket.dto.ts": {"path":"/Users/abedalftahabedalftah/Desktop/IssueFlow/src/tickets/dto/update-ticket.dto.ts","statementMap":{"0":{"start":{"line":1,"column":0},"end":{"line":1,"column":81}},"1":{"start":{"line":2,"column":0},"end":{"line":2,"column":68}},"2":{"start":{"line":4,"column":0},"end":{"line":4,"column":13}},"3":{"start":{"line":7,"column":2},"end":{"line":7,"column":null}},"4":{"start":{"line":11,"column":2},"end":{"line":11,"column":null}},"5":{"start":{"line":15,"column":2},"end":{"line":15,"column":null}},"6":{"start":{"line":19,"column":2},"end":{"line":19,"column":null}},"7":{"start":{"line":23,"column":2},"end":{"line":23,"column":null}},"8":{"start":{"line":27,"column":2},"end":{"line":27,"column":null}},"9":{"start":{"line":31,"column":2},"end":{"line":31,"column":null}},"10":{"start":{"line":35,"column":2},"end":{"line":35,"column":null}}},"fnMap":{},"branchMap":{},"s":{"0":1,"1":1,"2":1,"3":1,"4":1,"5":1,"6":1,"7":1,"8":1,"9":1,"10":1},"f":{},"b":{}}
,"/Users/abedalftahabedalftah/Desktop/IssueFlow/src/tickets/enums/index.ts": {"path":"/Users/abedalftahabedalftah/Desktop/IssueFlow/src/tickets/enums/index.ts","statementMap":{"0":{"start":{"line":1,"column":0},"end":{"line":1,"column":null}},"1":{"start":{"line":2,"column":2},"end":{"line":2,"column":null}},"2":{"start":{"line":3,"column":2},"end":{"line":3,"column":null}},"3":{"start":{"line":4,"column":2},"end":{"line":4,"column":null}},"4":{"start":{"line":5,"column":2},"end":{"line":5,"column":null}},"5":{"start":{"line":8,"column":0},"end":{"line":8,"column":null}},"6":{"start":{"line":9,"column":2},"end":{"line":9,"column":null}},"7":{"start":{"line":10,"column":2},"end":{"line":10,"column":null}},"8":{"start":{"line":11,"column":2},"end":{"line":11,"column":null}},"9":{"start":{"line":12,"column":2},"end":{"line":12,"column":null}},"10":{"start":{"line":15,"column":0},"end":{"line":15,"column":null}},"11":{"start":{"line":16,"column":2},"end":{"line":16,"column":null}},"12":{"start":{"line":17,"column":2},"end":{"line":17,"column":null}},"13":{"start":{"line":18,"column":2},"end":{"line":18,"column":null}}},"fnMap":{"0":{"name":"(anonymous_0)","decl":{"start":{"line":1,"column":0},"end":{"line":1,"column":12}},"loc":{"start":{"line":1,"column":24},"end":{"line":6,"column":1}}},"1":{"name":"(anonymous_1)","decl":{"start":{"line":8,"column":0},"end":{"line":8,"column":12}},"loc":{"start":{"line":8,"column":26},"end":{"line":13,"column":1}}},"2":{"name":"(anonymous_2)","decl":{"start":{"line":15,"column":0},"end":{"line":15,"column":12}},"loc":{"start":{"line":15,"column":22},"end":{"line":19,"column":1}}}},"branchMap":{"0":{"loc":{"start":{"line":1,"column":12},"end":{"line":1,"column":null}},"type":"binary-expr","locations":[{"start":{"line":1,"column":12},"end":{"line":1,"column":24}},{"start":{"line":1,"column":24},"end":{"line":1,"column":null}}]},"1":{"loc":{"start":{"line":8,"column":12},"end":{"line":8,"column":null}},"type":"binary-expr","locations":[{"start":{"line":8,"column":12},"end":{"line":8,"column":26}},{"start":{"line":8,"column":26},"end":{"line":8,"column":null}}]},"2":{"loc":{"start":{"line":15,"column":12},"end":{"line":15,"column":null}},"type":"binary-expr","locations":[{"start":{"line":15,"column":12},"end":{"line":15,"column":22}},{"start":{"line":15,"column":22},"end":{"line":15,"column":null}}]}},"s":{"0":11,"1":11,"2":11,"3":11,"4":11,"5":11,"6":11,"7":11,"8":11,"9":11,"10":11,"11":11,"12":11,"13":11},"f":{"0":11,"1":11,"2":11},"b":{"0":[11,11],"1":[11,11],"2":[11,11]}}
,"/Users/abedalftahabedalftah/Desktop/IssueFlow/src/users/user.entity.ts": {"path":"/Users/abedalftahabedalftah/Desktop/IssueFlow/src/users/user.entity.ts","statementMap":{"0":{"start":{"line":1,"column":0},"end":{"line":1,"column":44}},"1":{"start":{"line":2,"column":0},"end":{"line":2,"column":null}},"2":{"start":{"line":10,"column":0},"end":{"line":10,"column":null}},"3":{"start":{"line":11,"column":2},"end":{"line":11,"column":null}},"4":{"start":{"line":12,"column":2},"end":{"line":12,"column":null}},"5":{"start":{"line":16,"column":7},"end":{"line":43,"column":null}},"6":{"start":{"line":16,"column":13},"end":{"line":16,"column":17}},"7":{"start":{"line":18,"column":2},"end":{"line":18,"column":null}},"8":{"start":{"line":21,"column":2},"end":{"line":21,"column":null}},"9":{"start":{"line":24,"column":2},"end":{"line":24,"column":null}},"10":{"start":{"line":27,"column":2},"end":{"line":27,"column":null}},"11":{"start":{"line":30,"column":2},"end":{"line":30,"column":null}},"12":{"start":{"line":34,"column":2},"end":{"line":34,"column":null}},"13":{"start":{"line":38,"column":2},"end":{"line":38,"column":null}},"14":{"start":{"line":42,"column":2},"end":{"line":42,"column":null}},"15":{"start":{"line":16,"column":13},"end":{"line":43,"column":null}}},"fnMap":{"0":{"name":"(anonymous_2)","decl":{"start":{"line":10,"column":0},"end":{"line":10,"column":12}},"loc":{"start":{"line":10,"column":20},"end":{"line":13,"column":1}}}},"branchMap":{"0":{"loc":{"start":{"line":10,"column":12},"end":{"line":10,"column":null}},"type":"binary-expr","locations":[{"start":{"line":10,"column":12},"end":{"line":10,"column":20}},{"start":{"line":10,"column":20},"end":{"line":10,"column":null}}]}},"s":{"0":16,"1":16,"2":16,"3":16,"4":16,"5":16,"6":16,"7":16,"8":16,"9":16,"10":16,"11":16,"12":16,"13":16,"14":16,"15":16},"f":{"0":16},"b":{"0":[16,16]}}
,"/Users/abedalftahabedalftah/Desktop/IssueFlow/src/users/users.controller.ts": {"path":"/Users/abedalftahabedalftah/Desktop/IssueFlow/src/users/users.controller.ts","statementMap":{"0":{"start":{"line":1,"column":0},"end":{"line":1,"column":null}},"1":{"start":{"line":13,"column":0},"end":{"line":13,"column":61}},"2":{"start":{"line":14,"column":0},"end":{"line":14,"column":47}},"3":{"start":{"line":15,"column":0},"end":{"line":15,"column":63}},"4":{"start":{"line":16,"column":0},"end":{"line":16,"column":54}},"5":{"start":{"line":17,"column":0},"end":{"line":17,"column":54}},"6":{"start":{"line":18,"column":0},"end":{"line":18,"column":60}},"7":{"start":{"line":21,"column":7},"end":{"line":65,"column":null}},"8":{"start":{"line":23,"column":21},"end":{"line":23,"column":35}},"9":{"start":{"line":24,"column":21},"end":{"line":24,"column":38}},"10":{"start":{"line":29,"column":4},"end":{"line":29,"column":39}},"11":{"start":{"line":37,"column":4},"end":{"line":37,"column":87}},"12":{"start":{"line":42,"column":4},"end":{"line":42,"column":45}},"13":{"start":{"line":49,"column":4},"end":{"line":49,"column":41}},"14":{"start":{"line":58,"column":4},"end":{"line":58,"column":48}},"15":{"start":{"line":63,"column":4},"end":{"line":63,"column":44}},"16":{"start":{"line":21,"column":13},"end":{"line":21,"column":28}},"17":{"start":{"line":28,"column":2},"end":{"line":30,"column":null}},"18":{"start":{"line":33,"column":2},"end":{"line":38,"column":null}},"19":{"start":{"line":41,"column":2},"end":{"line":43,"column":null}},"20":{"start":{"line":48,"column":2},"end":{"line":50,"column":null}},"21":{"start":{"line":54,"column":8},"end":{"line":59,"column":null}},"22":{"start":{"line":62,"column":2},"end":{"line":64,"column":null}},"23":{"start":{"line":21,"column":13},"end":{"line":65,"column":null}}},"fnMap":{"0":{"name":"(anonymous_4)","decl":{"start":{"line":22,"column":2},"end":{"line":22,"column":null}},"loc":{"start":{"line":24,"column":53},"end":{"line":25,"column":6}}},"1":{"name":"(anonymous_5)","decl":{"start":{"line":28,"column":2},"end":{"line":28,"column":9}},"loc":{"start":{"line":28,"column":9},"end":{"line":30,"column":3}}},"2":{"name":"(anonymous_6)","decl":{"start":{"line":33,"column":2},"end":{"line":33,"column":13}},"loc":{"start":{"line":35,"column":36},"end":{"line":38,"column":3}}},"3":{"name":"(anonymous_7)","decl":{"start":{"line":41,"column":2},"end":{"line":41,"column":9}},"loc":{"start":{"line":41,"column":55},"end":{"line":43,"column":3}}},"4":{"name":"(anonymous_8)","decl":{"start":{"line":48,"column":2},"end":{"line":48,"column":8}},"loc":{"start":{"line":48,"column":35},"end":{"line":50,"column":3}}},"5":{"name":"(anonymous_9)","decl":{"start":{"line":54,"column":2},"end":{"line":54,"column":7}},"loc":{"start":{"line":56,"column":30},"end":{"line":59,"column":3}}},"6":{"name":"(anonymous_10)","decl":{"start":{"line":62,"column":2},"end":{"line":62,"column":8}},"loc":{"start":{"line":62,"column":54},"end":{"line":64,"column":3}}}},"branchMap":{},"s":{"0":1,"1":1,"2":1,"3":1,"4":1,"5":1,"6":1,"7":1,"8":5,"9":5,"10":1,"11":0,"12":1,"13":1,"14":1,"15":1,"16":1,"17":1,"18":1,"19":1,"20":1,"21":1,"22":1,"23":1},"f":{"0":5,"1":1,"2":0,"3":1,"4":1,"5":1,"6":1},"b":{}}
,"/Users/abedalftahabedalftah/Desktop/IssueFlow/src/users/users.module.ts": {"path":"/Users/abedalftahabedalftah/Desktop/IssueFlow/src/users/users.module.ts","statementMap":{"0":{"start":{"line":1,"column":0},"end":{"line":1,"column":52}},"1":{"start":{"line":2,"column":0},"end":{"line":2,"column":48}},"2":{"start":{"line":3,"column":0},"end":{"line":3,"column":37}},"3":{"start":{"line":4,"column":0},"end":{"line":4,"column":47}},"4":{"start":{"line":5,"column":0},"end":{"line":5,"column":53}},"5":{"start":{"line":6,"column":0},"end":{"line":6,"column":61}},"6":{"start":{"line":14,"column":7},"end":{"line":14,"column":null}},"7":{"start":{"line":14,"column":13},"end":{"line":14,"column":24}},"8":{"start":{"line":14,"column":13},"end":{"line":14,"column":null}},"9":{"start":{"line":9,"column":63},"end":{"line":9,"column":77}}},"fnMap":{"0":{"name":"(anonymous_1)","decl":{"start":{"line":9,"column":57},"end":{"line":9,"column":60}},"loc":{"start":{"line":9,"column":63},"end":{"line":9,"column":77}}}},"branchMap":{},"s":{"0":0,"1":0,"2":0,"3":0,"4":0,"5":0,"6":0,"7":0,"8":0,"9":0},"f":{"0":0},"b":{}}
,"/Users/abedalftahabedalftah/Desktop/IssueFlow/src/users/users.service.ts": {"path":"/Users/abedalftahabedalftah/Desktop/IssueFlow/src/users/users.service.ts","statementMap":{"0":{"start":{"line":1,"column":0},"end":{"line":1,"column":82}},"1":{"start":{"line":2,"column":0},"end":{"line":2,"column":51}},"2":{"start":{"line":3,"column":0},"end":{"line":3,"column":37}},"3":{"start":{"line":4,"column":0},"end":{"line":4,"column":33}},"4":{"start":{"line":5,"column":0},"end":{"line":5,"column":37}},"5":{"start":{"line":10,"column":7},"end":{"line":61,"column":null}},"6":{"start":{"line":13,"column":21},"end":{"line":13,"column":38}},"7":{"start":{"line":17,"column":21},"end":{"line":19,"column":6}},"8":{"start":{"line":20,"column":4},"end":{"line":22,"column":5}},"9":{"start":{"line":21,"column":6},"end":{"line":21,"column":70}},"10":{"start":{"line":23,"column":25},"end":{"line":23,"column":72}},"11":{"start":{"line":24,"column":17},"end":{"line":24,"column":70}},"12":{"start":{"line":25,"column":4},"end":{"line":25,"column":43}},"13":{"start":{"line":29,"column":4},"end":{"line":29,"column":39}},"14":{"start":{"line":33,"column":17},"end":{"line":33,"column":70}},"15":{"start":{"line":34,"column":4},"end":{"line":34,"column":67}},"16":{"start":{"line":34,"column":15},"end":{"line":34,"column":67}},"17":{"start":{"line":35,"column":4},"end":{"line":35,"column":16}},"18":{"start":{"line":39,"column":4},"end":{"line":39,"column":65}},"19":{"start":{"line":43,"column":4},"end":{"line":43,"column":37}},"20":{"start":{"line":43,"column":27},"end":{"line":43,"column":37}},"21":{"start":{"line":44,"column":4},"end":{"line":47,"column":17}},"22":{"start":{"line":51,"column":17},"end":{"line":51,"column":39}},"23":{"start":{"line":52,"column":4},"end":{"line":52,"column":65}},"24":{"start":{"line":52,"column":36},"end":{"line":52,"column":65}},"25":{"start":{"line":53,"column":4},"end":{"line":53,"column":53}},"26":{"start":{"line":53,"column":32},"end":{"line":53,"column":53}},"27":{"start":{"line":54,"column":4},"end":{"line":54,"column":43}},"28":{"start":{"line":58,"column":17},"end":{"line":58,"column":39}},"29":{"start":{"line":59,"column":4},"end":{"line":59,"column":44}},"30":{"start":{"line":10,"column":13},"end":{"line":10,"column":25}},"31":{"start":{"line":10,"column":13},"end":{"line":61,"column":null}}},"fnMap":{"0":{"name":"(anonymous_13)","decl":{"start":{"line":11,"column":2},"end":{"line":11,"column":null}},"loc":{"start":{"line":13,"column":54},"end":{"line":14,"column":6}}},"1":{"name":"(anonymous_14)","decl":{"start":{"line":16,"column":2},"end":{"line":16,"column":7}},"loc":{"start":{"line":16,"column":33},"end":{"line":26,"column":3}}},"2":{"name":"(anonymous_15)","decl":{"start":{"line":28,"column":2},"end":{"line":28,"column":9}},"loc":{"start":{"line":28,"column":9},"end":{"line":30,"column":3}}},"3":{"name":"(anonymous_16)","decl":{"start":{"line":32,"column":2},"end":{"line":32,"column":7}},"loc":{"start":{"line":32,"column":26},"end":{"line":36,"column":3}}},"4":{"name":"(anonymous_17)","decl":{"start":{"line":38,"column":2},"end":{"line":38,"column":7}},"loc":{"start":{"line":38,"column":39},"end":{"line":40,"column":3}}},"5":{"name":"(anonymous_18)","decl":{"start":{"line":42,"column":2},"end":{"line":42,"column":7}},"loc":{"start":{"line":42,"column":43},"end":{"line":48,"column":3}}},"6":{"name":"(anonymous_19)","decl":{"start":{"line":50,"column":2},"end":{"line":50,"column":7}},"loc":{"start":{"line":50,"column":45},"end":{"line":55,"column":3}}},"7":{"name":"(anonymous_20)","decl":{"start":{"line":57,"column":2},"end":{"line":57,"column":7}},"loc":{"start":{"line":57,"column":25},"end":{"line":60,"column":3}}}},"branchMap":{"0":{"loc":{"start":{"line":20,"column":4},"end":{"line":22,"column":5}},"type":"if","locations":[{"start":{"line":20,"column":4},"end":{"line":22,"column":5}}]},"1":{"loc":{"start":{"line":23,"column":43},"end":{"line":23,"column":67}},"type":"binary-expr","locations":[{"start":{"line":23,"column":43},"end":{"line":23,"column":55}},{"start":{"line":23,"column":59},"end":{"line":23,"column":67}}]},"2":{"loc":{"start":{"line":34,"column":4},"end":{"line":34,"column":67}},"type":"if","locations":[{"start":{"line":34,"column":4},"end":{"line":34,"column":67}}]},"3":{"loc":{"start":{"line":43,"column":4},"end":{"line":43,"column":37}},"type":"if","locations":[{"start":{"line":43,"column":4},"end":{"line":43,"column":37}}]},"4":{"loc":{"start":{"line":52,"column":4},"end":{"line":52,"column":65}},"type":"if","locations":[{"start":{"line":52,"column":4},"end":{"line":52,"column":65}}]},"5":{"loc":{"start":{"line":53,"column":4},"end":{"line":53,"column":53}},"type":"if","locations":[{"start":{"line":53,"column":4},"end":{"line":53,"column":53}}]}},"s":{"0":13,"1":13,"2":13,"3":13,"4":13,"5":13,"6":8,"7":3,"8":3,"9":1,"10":2,"11":2,"12":2,"13":0,"14":5,"15":5,"16":2,"17":3,"18":0,"19":0,"20":0,"21":0,"22":1,"23":1,"24":0,"25":1,"26":1,"27":1,"28":2,"29":1,"30":13,"31":13},"f":{"0":8,"1":3,"2":0,"3":5,"4":0,"5":0,"6":1,"7":2},"b":{"0":[1],"1":[2,1],"2":[2],"3":[0],"4":[0],"5":[1]}}
,"/Users/abedalftahabedalftah/Desktop/IssueFlow/src/users/dto/create-user.dto.ts": {"path":"/Users/abedalftahabedalftah/Desktop/IssueFlow/src/users/dto/create-user.dto.ts","statementMap":{"0":{"start":{"line":1,"column":0},"end":{"line":1,"column":83}},"1":{"start":{"line":2,"column":0},"end":{"line":2,"column":42}},"2":{"start":{"line":4,"column":0},"end":{"line":4,"column":13}},"3":{"start":{"line":6,"column":2},"end":{"line":6,"column":null}},"4":{"start":{"line":9,"column":2},"end":{"line":9,"column":null}},"5":{"start":{"line":12,"column":2},"end":{"line":12,"column":null}},"6":{"start":{"line":15,"column":2},"end":{"line":15,"column":null}},"7":{"start":{"line":20,"column":2},"end":{"line":20,"column":null}}},"fnMap":{},"branchMap":{},"s":{"0":1,"1":1,"2":1,"3":1,"4":1,"5":1,"6":1,"7":1},"f":{},"b":{}}
,"/Users/abedalftahabedalftah/Desktop/IssueFlow/src/users/dto/mentions-query.dto.ts": {"path":"/Users/abedalftahabedalftah/Desktop/IssueFlow/src/users/dto/mentions-query.dto.ts","statementMap":{"0":{"start":{"line":1,"column":0},"end":{"line":1,"column":41}},"1":{"start":{"line":2,"column":0},"end":{"line":2,"column":57}},"2":{"start":{"line":9,"column":2},"end":{"line":9,"column":19}},"3":{"start":{"line":15,"column":2},"end":{"line":15,"column":24}},"4":{"start":{"line":4,"column":0},"end":{"line":4,"column":13}},"5":{"start":{"line":9,"column":2},"end":{"line":9,"column":null}},"6":{"start":{"line":6,"column":14},"end":{"line":6,"column":20}},"7":{"start":{"line":15,"column":2},"end":{"line":15,"column":null}},"8":{"start":{"line":12,"column":14},"end":{"line":12,"column":20}}},"fnMap":{"0":{"name":"(anonymous_2)","decl":{"start":{"line":4,"column":0},"end":{"line":4,"column":13}},"loc":{"start":{"line":4,"column":0},"end":{"line":16,"column":1}}},"1":{"name":"(anonymous_3)","decl":{"start":{"line":6,"column":8},"end":{"line":6,"column":11}},"loc":{"start":{"line":6,"column":14},"end":{"line":6,"column":20}}},"2":{"name":"(anonymous_4)","decl":{"start":{"line":12,"column":8},"end":{"line":12,"column":11}},"loc":{"start":{"line":12,"column":14},"end":{"line":12,"column":20}}}},"branchMap":{},"s":{"0":1,"1":1,"2":0,"3":0,"4":1,"5":1,"6":0,"7":1,"8":0},"f":{"0":0,"1":0,"2":0},"b":{}}
,"/Users/abedalftahabedalftah/Desktop/IssueFlow/src/users/dto/update-user.dto.ts": {"path":"/Users/abedalftahabedalftah/Desktop/IssueFlow/src/users/dto/update-user.dto.ts","statementMap":{"0":{"start":{"line":1,"column":0},"end":{"line":1,"column":63}},"1":{"start":{"line":2,"column":0},"end":{"line":2,"column":42}},"2":{"start":{"line":4,"column":0},"end":{"line":4,"column":13}},"3":{"start":{"line":7,"column":2},"end":{"line":7,"column":null}},"4":{"start":{"line":11,"column":2},"end":{"line":11,"column":null}}},"fnMap":{},"branchMap":{},"s":{"0":1,"1":1,"2":1,"3":1,"4":1},"f":{},"b":{}}
}
