TN:
SF:src/app.controller.ts
FN:7,(anonymous_2)
FN:11,(anonymous_3)
FNF:2
FNH:2
FNDA:1,(anonymous_2)
FNDA:1,(anonymous_3)
DA:1,1
DA:2,1
DA:3,1
DA:6,1
DA:7,1
DA:11,1
DA:12,1
LF:7
LH:7
BRF:0
BRH:0
end_of_record
TN:
SF:src/app.module.ts
FNF:0
FNH:0
DA:1,0
DA:2,0
DA:3,0
DA:4,0
DA:5,0
DA:6,0
DA:7,0
DA:8,0
DA:9,0
DA:10,0
DA:11,0
DA:12,0
DA:13,0
DA:14,0
DA:15,0
DA:16,0
DA:17,0
DA:18,0
DA:52,0
LF:19
LH:0
BRDA:25,0,0,0
BRDA:25,0,1,0
BRDA:26,1,0,0
BRDA:26,1,1,0
BRDA:27,2,0,0
BRDA:27,2,1,0
BRDA:28,3,0,0
BRDA:28,3,1,0
BRDA:29,4,0,0
BRDA:29,4,1,0
BRF:10
BRH:0
end_of_record
TN:
SF:src/app.service.ts
FN:5,(anonymous_1)
FNF:1
FNH:1
FNDA:1,(anonymous_1)
DA:1,1
DA:4,1
DA:6,1
LF:3
LH:3
BRF:0
BRH:0
end_of_record
TN:
SF:src/main.ts
FN:5,bootstrap
FNF:1
FNH:0
FNDA:0,bootstrap
DA:1,0
DA:2,0
DA:3,0
DA:6,0
DA:7,0
DA:8,0
DA:9,0
DA:11,0
LF:8
LH:0
BRF:0
BRH:0
end_of_record
TN:
SF:src/attachments/attachment.entity.ts
FN:34,(anonymous_2)
FNF:1
FNH:0
FNDA:0,(anonymous_2)
DA:1,2
DA:8,2
DA:9,2
DA:12,2
DA:14,2
DA:17,2
DA:20,2
DA:24,2
DA:28,2
DA:31,2
DA:34,0
DA:35,2
DA:39,2
LF:13
LH:12
BRF:0
BRH:0
end_of_record
TN:
SF:src/attachments/attachments.controller.ts
FN:31,(anonymous_13)
FN:37,(anonymous_14)
FN:52,(anonymous_15)
FN:59,(anonymous_16)
FN:77,(anonymous_17)
FN:82,(anonymous_18)
FNF:6
FNH:4
FNDA:0,(anonymous_13)
FNDA:0,(anonymous_14)
FNDA:4,(anonymous_15)
FNDA:2,(anonymous_16)
FNDA:1,(anonymous_17)
FNDA:1,(anonymous_18)
DA:1,1
DA:13,1
DA:14,1
DA:15,1
DA:16,1
DA:17,1
DA:18,1
DA:19,1
DA:21,1
DA:28,1
DA:32,0
DA:33,0
DA:42,0
DA:43,0
DA:45,0
DA:51,1
DA:52,4
DA:59,1
DA:63,2
DA:64,1
DA:66,1
DA:67,1
DA:69,0
DA:70,0
DA:72,0
DA:77,1
DA:78,1
DA:82,1
DA:86,1
LF:29
LH:21
BRDA:42,0,0,0
BRDA:42,0,1,0
BRDA:63,1,0,1
BRDA:69,2,0,0
BRDA:69,3,0,0
BRDA:69,3,1,0
BRF:6
BRH:1
end_of_record
TN:
SF:src/attachments/attachments.module.ts
FNF:0
FNH:0
DA:1,0
DA:2,0
DA:3,0
DA:4,0
DA:5,0
DA:6,0
DA:13,0
LF:7
LH:0
BRF:0
BRH:0
end_of_record
TN:
SF:src/attachments/attachments.service.ts
FN:12,(anonymous_13)
FN:20,(anonymous_14)
FN:46,(anonymous_15)
FNF:3
FNH:3
FNDA:7,(anonymous_13)
FNDA:2,(anonymous_14)
FNDA:5,(anonymous_15)
DA:1,2
DA:2,2
DA:3,2
DA:4,2
DA:5,2
DA:6,2
DA:8,2
DA:11,2
DA:14,7
DA:15,7
DA:17,7
DA:24,2
DA:26,2
DA:34,2
DA:35,2
DA:37,1
DA:38,1
DA:42,1
DA:47,5
DA:48,5
DA:49,5
DA:50,1
DA:53,4
DA:54,4
DA:56,2
DA:59,3
LF:26
LH:26
BRDA:47,0,0,4
BRDA:47,0,1,1
BRDA:49,1,0,1
BRDA:56,2,0,1
BRF:4
BRH:4
end_of_record
TN:
SF:src/attachments/multer-exception.filter.ts
FN:16,(anonymous_1)
FNF:1
FNH:1
FNDA:1,(anonymous_1)
DA:1,2
DA:15,2
DA:17,1
DA:18,1
DA:19,1
DA:22,1
LF:6
LH:6
BRF:0
BRH:0
end_of_record
TN:
SF:src/attachments/dto/attachment-response.dto.ts
FNF:0
FNH:0
DA:1,0
LF:1
LH:0
BRF:0
BRH:0
end_of_record
TN:
SF:src/audit-log/audit-log.controller.ts
FN:7,(anonymous_4)
FN:10,(anonymous_5)
FNF:2
FNH:2
FNDA:2,(anonymous_4)
FNDA:2,(anonymous_5)
DA:1,1
DA:2,1
DA:3,1
DA:6,1
DA:7,2
DA:10,1
DA:11,2
LF:7
LH:7
BRF:0
BRH:0
end_of_record
TN:
SF:src/audit-log/audit-log.module.ts
FNF:0
FNH:0
DA:1,0
DA:2,0
DA:3,0
DA:4,0
DA:5,0
DA:14,0
LF:6
LH:0
BRF:0
BRH:0
end_of_record
TN:
SF:src/audit-log/audit-log.service.ts
FN:12,(anonymous_4)
FN:17,(anonymous_5)
FN:26,(anonymous_6)
FN:40,(anonymous_7)
FNF:4
FNH:4
FNDA:8,(anonymous_4)
FNDA:3,(anonymous_5)
FNDA:5,(anonymous_6)
FNDA:5,(anonymous_7)
DA:1,11
DA:2,11
DA:3,11
DA:4,11
DA:9,11
DA:10,8
DA:14,8
DA:18,3
DA:19,3
DA:20,3
DA:22,1
DA:27,5
DA:29,5
DA:30,5
DA:31,5
DA:32,5
DA:33,5
DA:35,5
DA:40,5
DA:41,5
DA:42,5
DA:43,5
LF:22
LH:22
BRDA:30,0,0,1
BRDA:31,1,0,1
BRDA:32,2,0,1
BRDA:33,3,0,1
BRDA:45,4,0,0
BRDA:45,4,1,5
BRDA:46,5,0,3
BRDA:46,5,1,2
BRF:8
BRH:7
end_of_record
TN:
SF:src/audit-log/audit.interceptor.ts
FN:14,(anonymous_4)
FN:16,(anonymous_5)
FN:25,(anonymous_6)
FNF:3
FNH:3
FNDA:4,(anonymous_4)
FNDA:4,(anonymous_5)
FNDA:4,(anonymous_6)
DA:1,1
DA:8,1
DA:9,1
DA:10,1
DA:13,1
DA:14,4
DA:17,4
DA:18,4
DA:20,4
DA:21,2
DA:24,4
DA:26,4
LF:12
LH:12
BRDA:20,0,0,2
BRF:1
BRH:1
end_of_record
TN:
SF:src/audit-log/dto/query-audit-log.dto.ts
FNF:0
FNH:0
DA:1,1
DA:2,1
DA:4,1
DA:7,1
DA:11,1
DA:15,1
DA:19,1
LF:7
LH:7
BRF:0
BRH:0
end_of_record
TN:
SF:src/audit-log/dto/record-audit-log.dto.ts
FNF:0
FNH:0
DA:3,0
LF:1
LH:0
BRF:0
BRH:0
end_of_record
TN:
SF:src/audit-log/entities/audit-log.entity.ts
FNF:0
FNH:0
DA:1,11
DA:8,11
DA:13,11
DA:15,11
DA:18,11
DA:21,11
DA:24,11
DA:27,11
DA:30,11
DA:33,11
LF:10
LH:10
BRF:0
BRH:0
end_of_record
TN:
SF:src/audit-log/enums/actor-type.enum.ts
FN:1,(anonymous_0)
FNF:1
FNH:1
FNDA:11,(anonymous_0)
DA:1,11
DA:2,11
DA:3,11
LF:3
LH:3
BRDA:1,0,0,11
BRDA:1,0,1,11
BRF:2
BRH:2
end_of_record
TN:
SF:src/auth/auth.controller.ts
FN:9,(anonymous_4)
FN:14,(anonymous_5)
FN:20,(anonymous_6)
FN:28,(anonymous_7)
FNF:4
FNH:4
FNDA:4,(anonymous_4)
FNDA:1,(anonymous_5)
FNDA:2,(anonymous_6)
FNDA:1,(anonymous_7)
DA:1,1
DA:3,1
DA:4,1
DA:5,1
DA:8,1
DA:9,4
DA:14,1
DA:15,1
DA:20,1
DA:21,2
DA:22,2
DA:23,1
DA:28,1
DA:29,1
LF:14
LH:14
BRDA:22,0,0,1
BRF:1
BRH:1
end_of_record
TN:
SF:src/auth/auth.module.ts
FNF:0
FNH:0
DA:1,0
DA:2,0
DA:3,0
DA:4,0
DA:5,0
DA:6,0
DA:7,0
DA:8,0
DA:9,0
DA:10,0
DA:11,0
DA:12,0
DA:13,0
DA:39,0
LF:14
LH:0
BRF:0
BRH:0
end_of_record
TN:
SF:src/auth/auth.service.ts
FN:11,(anonymous_13)
FN:18,(anonymous_14)
FN:32,(anonymous_15)
FN:39,(anonymous_16)
FNF:4
FNH:3
FNDA:4,(anonymous_13)
FNDA:3,(anonymous_14)
FNDA:1,(anonymous_15)
FNDA:0,(anonymous_16)
DA:1,2
DA:2,2
DA:3,2
DA:4,2
DA:5,2
DA:6,2
DA:7,2
DA:10,2
DA:12,4
DA:13,4
DA:15,4
DA:19,3
DA:20,3
DA:21,1
DA:23,2
DA:24,2
DA:25,1
DA:27,1
DA:28,1
DA:29,1
DA:33,1
DA:34,1
DA:35,1
DA:36,1
DA:40,0
LF:25
LH:24
BRDA:20,0,0,1
BRDA:20,1,0,3
BRDA:20,1,1,2
BRDA:24,2,0,1
BRDA:34,3,0,1
BRDA:34,3,1,0
BRF:6
BRH:5
end_of_record
TN:
SF:src/auth/denied-token.entity.ts
FNF:0
FNH:0
DA:1,3
DA:4,3
DA:6,3
DA:9,3
DA:12,3
LF:5
LH:5
BRF:0
BRH:0
end_of_record
TN:
SF:src/auth/jwt-secret.ts
FN:1,resolveJwtSecret
FNF:1
FNH:1
FNDA:2,resolveJwtSecret
DA:1,1
DA:2,2
DA:3,2
DA:5,2
DA:6,2
DA:9,0
LF:6
LH:5
BRDA:3,0,0,0
BRDA:5,1,0,2
BRF:2
BRH:1
end_of_record
TN:
SF:src/auth/decorators/public.decorator.ts
FN:4,(anonymous_0)
FNF:1
FNH:1
FNDA:3,(anonymous_0)
DA:1,6
DA:3,6
DA:4,6
LF:3
LH:3
BRF:0
BRH:0
end_of_record
TN:
SF:src/auth/decorators/roles.decorator.ts
FN:5,(anonymous_0)
FNF:1
FNH:1
FNDA:5,(anonymous_0)
DA:1,3
DA:4,3
DA:5,5
LF:3
LH:3
BRF:0
BRH:0
end_of_record
TN:
SF:src/auth/dto/login.dto.ts
FNF:0
FNH:0
DA:1,1
DA:3,1
DA:5,1
DA:8,1
LF:4
LH:4
BRF:0
BRH:0
end_of_record
TN:
SF:src/auth/guards/jwt-auth.guard.ts
FN:8,(anonymous_2)
FN:12,(anonymous_3)
FNF:2
FNH:2
FNDA:2,(anonymous_2)
FNDA:2,(anonymous_3)
DA:1,3
DA:2,3
DA:3,3
DA:4,3
DA:7,3
DA:8,2
DA:9,2
DA:13,2
DA:17,2
DA:18,1
LF:10
LH:10
BRDA:17,0,0,1
BRF:1
BRH:1
end_of_record
TN:
SF:src/auth/guards/roles.guard.ts
FN:8,(anonymous_2)
FN:10,(anonymous_3)
FNF:2
FNH:2
FNDA:5,(anonymous_2)
FNDA:5,(anonymous_3)
DA:1,1
DA:2,1
DA:4,1
DA:7,1
DA:8,5
DA:11,5
DA:15,5
DA:16,3
DA:17,3
DA:18,2
DA:20,1
LF:11
LH:11
BRDA:15,0,0,2
BRDA:15,1,0,5
BRDA:15,1,1,4
BRDA:17,2,0,2
BRDA:17,3,0,3
BRDA:17,3,1,2
BRF:6
BRH:6
end_of_record
TN:
SF:src/auth/strategies/jwt.strategy.ts
FN:12,(anonymous_4)
FN:24,(anonymous_5)
FNF:2
FNH:2
FNDA:2,(anonymous_4)
FNDA:2,(anonymous_5)
DA:1,1
DA:2,1
DA:3,1
DA:4,1
DA:5,1
DA:7,1
DA:8,1
DA:11,1
DA:14,2
DA:16,2
DA:25,2
DA:26,2
DA:27,2
DA:28,2
DA:30,1
LF:15
LH:15
BRDA:26,0,0,2
BRDA:28,1,0,1
BRF:2
BRH:2
end_of_record
TN:
SF:src/comments/comment-mention.entity.ts
FN:13,(anonymous_2)
FN:13,(anonymous_3)
FN:19,(anonymous_4)
FNF:3
FNH:0
FNDA:0,(anonymous_2)
FNDA:0,(anonymous_3)
FNDA:0,(anonymous_4)
DA:1,3
DA:2,3
DA:3,3
DA:6,3
DA:8,3
DA:11,3
DA:13,0
DA:14,3
DA:17,3
DA:19,0
DA:20,3
LF:11
LH:9
BRF:0
BRH:0
end_of_record
TN:
SF:src/comments/comment.entity.ts
FN:17,(anonymous_2)
FN:25,(anonymous_3)
FN:32,(anonymous_4)
FN:51,(anonymous_5)
FN:51,(anonymous_6)
FNF:5
FNH:0
FNDA:0,(anonymous_2)
FNDA:0,(anonymous_3)
FNDA:0,(anonymous_4)
FNDA:0,(anonymous_5)
FNDA:0,(anonymous_6)
DA:1,3
DA:11,3
DA:12,3
DA:13,3
DA:14,3
DA:17,3
DA:19,3
DA:22,3
DA:25,0
DA:26,3
DA:29,3
DA:32,0
DA:33,3
DA:36,3
DA:40,3
DA:44,3
DA:48,3
DA:51,0
DA:52,3
DA:54,0
LF:20
LH:16
BRF:0
BRH:0
end_of_record
TN:
SF:src/comments/comments.controller.ts
FN:18,(anonymous_4)
FN:21,(anonymous_5)
FN:27,(anonymous_6)
FN:35,(anonymous_7)
FN:44,(anonymous_8)
FNF:5
FNH:5
FNDA:4,(anonymous_4)
FNDA:1,(anonymous_5)
FNDA:1,(anonymous_6)
FNDA:1,(anonymous_7)
FNDA:1,(anonymous_8)
DA:1,1
DA:12,1
DA:13,1
DA:14,1
DA:17,1
DA:18,4
DA:21,1
DA:22,1
DA:27,1
DA:31,1
DA:35,1
DA:40,1
DA:44,1
DA:48,1
LF:14
LH:14
BRF:0
BRH:0
end_of_record
TN:
SF:src/comments/comments.module.ts
FN:13,(anonymous_1)
FN:14,(anonymous_2)
FNF:2
FNH:0
FNDA:0,(anonymous_1)
FNDA:0,(anonymous_2)
DA:1,0
DA:2,0
DA:3,0
DA:4,0
DA:5,0
DA:6,0
DA:7,0
DA:8,0
DA:13,0
DA:14,0
DA:20,0
LF:11
LH:0
BRF:0
BRH:0
end_of_record
TN:
SF:src/comments/comments.service.ts
FN:21,(anonymous_4)
FN:31,(anonymous_5)
FN:40,(anonymous_6)
FN:56,(anonymous_7)
FN:62,(anonymous_8)
FN:73,(anonymous_9)
FN:96,(anonymous_10)
FN:97,(anonymous_11)
FN:99,(anonymous_12)
FN:100,(anonymous_13)
FN:104,(anonymous_14)
FN:113,(anonymous_15)
FN:126,(anonymous_16)
FN:132,(anonymous_17)
FN:147,(anonymous_18)
FN:151,(anonymous_19)
FN:155,(anonymous_20)
FN:156,(anonymous_21)
FN:164,(anonymous_22)
FN:165,(anonymous_23)
FN:173,(anonymous_24)
FN:181,(anonymous_25)
FN:182,(anonymous_26)
FN:190,(anonymous_27)
FN:193,(anonymous_28)
FNF:25
FNH:22
FNDA:13,(anonymous_4)
FNDA:2,(anonymous_5)
FNDA:4,(anonymous_6)
FNDA:1,(anonymous_7)
FNDA:1,(anonymous_8)
FNDA:5,(anonymous_9)
FNDA:2,(anonymous_10)
FNDA:3,(anonymous_11)
FNDA:3,(anonymous_12)
FNDA:2,(anonymous_13)
FNDA:2,(anonymous_14)
FNDA:3,(anonymous_15)
FNDA:2,(anonymous_16)
FNDA:0,(anonymous_17)
FNDA:0,(anonymous_18)
FNDA:7,(anonymous_19)
FNDA:0,(anonymous_20)
FNDA:1,(anonymous_21)
FNDA:1,(anonymous_22)
FNDA:1,(anonymous_23)
FNDA:4,(anonymous_24)
FNDA:3,(anonymous_25)
FNDA:3,(anonymous_26)
FNDA:1,(anonymous_27)
FNDA:7,(anonymous_28)
DA:1,3
DA:7,3
DA:8,3
DA:9,3
DA:10,3
DA:13,3
DA:14,3
DA:15,3
DA:17,3
DA:20,3
DA:23,13
DA:25,13
DA:26,13
DA:27,13
DA:28,13
DA:32,2
DA:33,1
DA:37,1
DA:41,4
DA:42,3
DA:44,3
DA:45,3
DA:47,2
DA:52,2
DA:54,2
DA:55,1
DA:57,1
DA:62,2
DA:68,2
DA:70,2
DA:78,5
DA:79,5
DA:81,4
DA:82,4
DA:84,4
DA:86,4
DA:87,4
DA:89,1
DA:90,1
DA:92,0
DA:95,3
DA:96,3
DA:97,3
DA:99,3
DA:100,3
DA:102,3
DA:103,2
DA:105,2
DA:109,3
DA:110,1
DA:113,3
DA:119,3
DA:120,2
DA:123,3
DA:127,2
DA:128,2
DA:129,1
DA:137,0
DA:139,0
DA:147,0
DA:148,0
DA:152,7
DA:153,4
DA:154,4
DA:155,1
DA:156,1
DA:157,1
DA:161,3
DA:165,1
DA:170,1
DA:179,4
DA:181,3
DA:183,3
DA:197,7
DA:200,7
DA:201,5
LF:76
LH:71
BRDA:54,0,0,1
BRDA:89,1,0,1
BRDA:102,2,0,2
BRDA:109,3,0,1
BRDA:119,4,0,2
BRDA:152,5,0,3
BRDA:154,6,0,1
BRDA:165,7,0,1
BRDA:165,7,1,0
BRDA:200,8,0,2
BRF:10
BRH:9
end_of_record
TN:
SF:src/comments/mentions.util.ts
FN:1,extractMentions
FNF:1
FNH:1
FNDA:14,extractMentions
DA:1,4
DA:2,14
DA:3,14
DA:4,14
DA:5,14
DA:7,14
LF:6
LH:6
BRF:0
BRH:0
end_of_record
TN:
SF:src/comments/dto/create-comment.dto.ts
FNF:0
FNH:0
DA:1,1
DA:3,1
DA:5,1
DA:9,1
LF:4
LH:4
BRF:0
BRH:0
end_of_record
TN:
SF:src/comments/dto/mentioned-user.dto.ts
FNF:0
FNH:0
DA:1,0
LF:1
LH:0
BRF:0
BRH:0
end_of_record
TN:
SF:src/comments/dto/update-comment.dto.ts
FNF:0
FNH:0
DA:1,1
DA:3,1
DA:6,1
LF:3
LH:3
BRF:0
BRH:0
end_of_record
TN:
SF:src/database/data-source.ts
FNF:0
FNH:0
DA:1,0
DA:3,0
LF:2
LH:0
BRDA:5,0,0,0
BRDA:5,0,1,0
BRDA:6,1,0,0
BRDA:6,1,1,0
BRDA:7,2,0,0
BRDA:7,2,1,0
BRDA:8,3,0,0
BRDA:8,3,1,0
BRDA:9,4,0,0
BRDA:9,4,1,0
BRF:10
BRH:0
end_of_record
TN:
SF:src/database/migrations/1716000000000-AuditTriggers.js
FN:5,(anonymous_0)
FN:8,(anonymous_1)
FN:87,(anonymous_2)
FNF:3
FNH:0
FNDA:0,(anonymous_0)
FNDA:0,(anonymous_1)
FNDA:0,(anonymous_2)
DA:2,0
DA:3,0
DA:6,0
DA:9,0
DA:71,0
DA:79,0
DA:80,0
DA:88,0
DA:89,0
DA:90,0
DA:92,0
DA:95,0
LF:12
LH:0
BRF:0
BRH:0
end_of_record
TN:
SF:src/database/migrations/1716000000000-AuditTriggers.ts
FN:3,(anonymous_0)
FN:6,(anonymous_1)
FN:88,(anonymous_2)
FNF:3
FNH:0
FNDA:0,(anonymous_0)
FNDA:0,(anonymous_1)
FNDA:0,(anonymous_2)
DA:3,0
DA:4,0
DA:7,0
DA:70,0
DA:79,0
DA:80,0
DA:89,0
DA:90,0
DA:91,0
DA:93,0
LF:10
LH:0
BRF:0
BRH:0
end_of_record
TN:
SF:src/database/migrations/1716000000001-FixAuditTriggerDeletedAt.js
FN:5,(anonymous_0)
FN:8,(anonymous_1)
FN:73,(anonymous_2)
FNF:3
FNH:0
FNDA:0,(anonymous_0)
FNDA:0,(anonymous_1)
FNDA:0,(anonymous_2)
DA:2,0
DA:3,0
DA:6,0
DA:9,0
DA:77,0
LF:5
LH:0
BRF:0
BRH:0
end_of_record
TN:
SF:src/database/migrations/1716000000001-FixAuditTriggerDeletedAt.ts
FN:3,(anonymous_0)
FN:6,(anonymous_1)
FN:72,(anonymous_2)
FNF:3
FNH:0
FNDA:0,(anonymous_0)
FNDA:0,(anonymous_1)
FNDA:0,(anonymous_2)
DA:3,0
DA:4,0
DA:7,0
LF:3
LH:0
BRF:0
BRH:0
end_of_record
TN:
SF:src/database/migrations/1716000000002-UppercaseAuditEntityTypes.js
FN:5,(anonymous_0)
FN:8,(anonymous_1)
FN:41,(anonymous_2)
FNF:3
FNH:0
FNDA:0,(anonymous_0)
FNDA:0,(anonymous_1)
FNDA:0,(anonymous_2)
DA:2,0
DA:3,0
DA:6,0
DA:9,0
DA:17,0
DA:18,0
DA:20,0
DA:21,0
DA:27,0
DA:42,0
DA:50,0
DA:51,0
DA:53,0
DA:54,0
DA:62,0
LF:15
LH:0
BRF:0
BRH:0
end_of_record
TN:
SF:src/database/migrations/1716000000002-UppercaseAuditEntityTypes.ts
FN:3,(anonymous_0)
FN:6,(anonymous_1)
FN:44,(anonymous_2)
FNF:3
FNH:0
FNDA:0,(anonymous_0)
FNDA:0,(anonymous_1)
FNDA:0,(anonymous_2)
DA:3,0
DA:4,0
DA:7,0
DA:16,0
DA:17,0
DA:20,0
DA:21,0
DA:29,0
DA:45,0
DA:54,0
DA:55,0
DA:58,0
DA:59,0
LF:13
LH:0
BRF:0
BRH:0
end_of_record
TN:
SF:src/dependencies/dependencies.controller.ts
FN:9,(anonymous_4)
FN:12,(anonymous_5)
FN:14,(anonymous_6)
FN:19,(anonymous_7)
FN:27,(anonymous_8)
FNF:5
FNH:5
FNDA:4,(anonymous_4)
FNDA:2,(anonymous_5)
FNDA:1,(anonymous_6)
FNDA:1,(anonymous_7)
FNDA:1,(anonymous_8)
DA:1,1
DA:2,1
DA:3,1
DA:4,1
DA:8,1
DA:9,4
DA:12,1
DA:13,2
DA:14,2
DA:19,1
DA:23,1
DA:27,1
DA:31,1
LF:13
LH:13
BRF:0
BRH:0
end_of_record
TN:
SF:src/dependencies/dependencies.module.ts
FNF:0
FNH:0
DA:1,0
DA:2,0
DA:3,0
DA:4,0
DA:5,0
DA:12,0
LF:6
LH:0
BRF:0
BRH:0
end_of_record
TN:
SF:src/dependencies/dependencies.service.ts
FN:13,(anonymous_4)
FN:18,(anonymous_5)
FN:27,(anonymous_6)
FN:44,(anonymous_7)
FN:56,(anonymous_8)
FN:63,(anonymous_9)
FN:70,(anonymous_10)
FNF:7
FNH:6
FNDA:11,(anonymous_4)
FNDA:0,(anonymous_5)
FNDA:8,(anonymous_6)
FNDA:1,(anonymous_7)
FNDA:3,(anonymous_8)
FNDA:1,(anonymous_9)
FNDA:4,(anonymous_10)
DA:1,2
DA:7,2
DA:8,2
DA:9,2
DA:12,2
DA:15,11
DA:19,0
DA:23,0
DA:24,0
DA:28,8
DA:29,1
DA:32,7
DA:37,7
DA:38,6
DA:40,5
DA:41,1
DA:44,4
DA:45,1
DA:48,3
DA:49,2
DA:52,1
DA:53,1
DA:57,3
DA:61,3
DA:63,2
DA:64,2
DA:66,1
DA:67,1
DA:71,4
DA:75,4
DA:77,4
DA:78,3
DA:79,1
DA:81,1
LF:34
LH:31
BRDA:23,0,0,0
BRDA:28,1,0,1
BRDA:37,2,0,1
BRDA:38,3,0,1
BRDA:40,4,0,1
BRDA:44,5,0,1
BRDA:48,6,0,2
BRDA:61,7,0,1
BRDA:64,8,0,1
BRDA:75,9,0,0
BRDA:78,10,0,2
BRDA:79,11,0,1
BRF:12
BRH:10
end_of_record
TN:
SF:src/dependencies/dto/create-dependency.dto.ts
FNF:0
FNH:0
DA:1,1
DA:3,1
DA:6,1
LF:3
LH:3
BRF:0
BRH:0
end_of_record
TN:
SF:src/mail/mail.module.ts
FNF:0
FNH:0
DA:1,0
DA:2,0
DA:9,0
LF:3
LH:0
BRF:0
BRH:0
end_of_record
TN:
SF:src/mail/mail.service.ts
FN:5,(anonymous_10)
FN:12,(anonymous_11)
FNF:2
FNH:2
FNDA:2,(anonymous_10)
FNDA:2,(anonymous_11)
DA:1,4
DA:2,4
DA:5,4
DA:6,2
DA:7,2
DA:18,2
DA:19,2
DA:27,1
LF:8
LH:8
BRF:0
BRH:0
end_of_record
TN:
SF:src/projects/project.entity.ts
FN:27,(anonymous_2)
FNF:1
FNH:0
FNDA:0,(anonymous_2)
DA:1,12
DA:2,12
DA:10,12
DA:13,12
DA:15,12
DA:18,12
DA:21,12
DA:24,12
DA:27,0
DA:28,12
DA:32,12
DA:36,12
LF:12
LH:11
BRF:0
BRH:0
end_of_record
TN:
SF:src/projects/projects.controller.ts
FN:24,(anonymous_4)
FN:30,(anonymous_5)
FN:37,(anonymous_6)
FN:42,(anonymous_7)
FN:48,(anonymous_8)
FN:54,(anonymous_9)
FN:59,(anonymous_10)
FN:68,(anonymous_11)
FN:75,(anonymous_12)
FNF:9
FNH:9
FNDA:8,(anonymous_4)
FNDA:1,(anonymous_5)
FNDA:1,(anonymous_6)
FNDA:1,(anonymous_7)
FNDA:1,(anonymous_8)
FNDA:1,(anonymous_9)
FNDA:1,(anonymous_10)
FNDA:1,(anonymous_11)
FNDA:1,(anonymous_12)
DA:1,1
DA:13,1
DA:14,1
DA:15,1
DA:16,1
DA:17,1
DA:18,1
DA:19,1
DA:23,1
DA:25,8
DA:26,8
DA:30,1
DA:31,1
DA:37,1
DA:38,1
DA:42,1
DA:43,1
DA:44,1
DA:48,1
DA:49,1
DA:54,1
DA:55,1
DA:59,1
DA:63,1
DA:68,1
DA:69,1
DA:75,1
DA:76,1
LF:28
LH:28
BRF:0
BRH:0
end_of_record
TN:
SF:src/projects/projects.module.ts
FN:12,(anonymous_1)
FN:13,(anonymous_2)
FNF:2
FNH:0
FNDA:0,(anonymous_1)
FNDA:0,(anonymous_2)
DA:1,0
DA:2,0
DA:3,0
DA:4,0
DA:5,0
DA:6,0
DA:7,0
DA:12,0
DA:13,0
DA:19,0
LF:10
LH:0
BRF:0
BRH:0
end_of_record
TN:
SF:src/projects/projects.service.ts
FN:11,(anonymous_4)
FN:17,(anonymous_5)
FN:23,(anonymous_6)
FN:27,(anonymous_7)
FN:33,(anonymous_8)
FN:37,(anonymous_9)
FN:44,(anonymous_10)
FN:51,(anonymous_11)
FN:56,(anonymous_12)
FNF:9
FNH:7
FNDA:13,(anonymous_4)
FNDA:2,(anonymous_5)
FNDA:1,(anonymous_6)
FNDA:7,(anonymous_7)
FNDA:0,(anonymous_8)
FNDA:0,(anonymous_9)
FNDA:2,(anonymous_10)
FNDA:3,(anonymous_11)
FNDA:3,(anonymous_12)
DA:1,10
DA:2,10
DA:3,10
DA:4,10
DA:5,10
DA:10,10
DA:13,13
DA:14,13
DA:18,2
DA:19,1
DA:20,1
DA:24,1
DA:28,7
DA:29,7
DA:30,4
DA:34,0
DA:38,0
DA:45,2
DA:46,1
DA:47,1
DA:48,1
DA:52,3
DA:53,2
DA:57,3
DA:58,3
DA:59,2
DA:60,1
LF:27
LH:25
BRDA:29,0,0,3
BRDA:46,1,0,1
BRDA:47,2,0,0
BRDA:58,3,0,1
BRDA:59,4,0,1
BRF:5
BRH:4
end_of_record
TN:
SF:src/projects/dto/create-project.dto.ts
FNF:0
FNH:0
DA:1,1
DA:3,1
DA:6,1
DA:10,1
DA:14,1
LF:5
LH:5
BRF:0
BRH:0
end_of_record
TN:
SF:src/projects/dto/update-project.dto.ts
FNF:0
FNH:0
DA:1,1
DA:3,1
DA:6,1
DA:10,1
LF:4
LH:4
BRF:0
BRH:0
end_of_record
TN:
SF:src/scheduler/scheduler.module.ts
FNF:0
FNH:0
DA:1,0
DA:2,0
DA:3,0
DA:4,0
DA:5,0
DA:12,0
LF:6
LH:0
BRF:0
BRH:0
end_of_record
TN:
SF:src/scheduler/scheduler.service.ts
FN:22,(anonymous_4)
FN:30,(anonymous_5)
FNF:2
FNH:2
FNDA:7,(anonymous_4)
FNDA:7,(anonymous_5)
DA:1,1
DA:2,1
DA:3,1
DA:4,1
DA:5,1
DA:6,1
DA:7,1
DA:8,1
DA:9,1
DA:11,1
DA:19,1
DA:20,7
DA:24,7
DA:25,7
DA:26,7
DA:30,1
DA:31,7
DA:33,7
DA:34,7
DA:35,7
DA:37,7
DA:38,2
DA:39,1
DA:41,5
DA:44,6
DA:45,5
DA:53,1
LF:27
LH:27
BRDA:37,0,0,2
BRDA:37,0,1,5
BRDA:38,1,0,1
BRDA:29,2,0,1
BRDA:29,2,1,1
BRF:5
BRH:5
end_of_record
TN:
SF:src/tickets/csv.util.ts
FN:1,quoteField
FN:5,toCsvRow
FN:9,splitCsvLine
FN:42,parseCsv
FN:43,(anonymous_4)
FN:45,(anonymous_5)
FN:46,(anonymous_6)
FN:49,(anonymous_7)
FNF:8
FNH:8
FNDA:28,quoteField
FNDA:9,toCsvRow
FNDA:20,splitCsvLine
FNDA:12,parseCsv
FNDA:25,(anonymous_4)
FNDA:28,(anonymous_5)
FNDA:10,(anonymous_6)
FNDA:28,(anonymous_7)
DA:2,28
DA:5,10
DA:6,9
DA:10,20
DA:11,20
DA:12,20
DA:14,20
DA:15,383
DA:16,383
DA:17,22
DA:18,4
DA:19,2
DA:20,2
DA:22,2
DA:25,18
DA:28,361
DA:29,2
DA:30,359
DA:31,35
DA:32,35
DA:34,324
DA:38,20
DA:39,20
DA:42,10
DA:43,25
DA:44,12
DA:45,28
DA:46,10
DA:47,10
DA:48,10
DA:49,10
DA:50,28
DA:52,10
LF:33
LH:33
BRDA:2,0,0,28
BRDA:2,0,1,2
BRDA:16,1,0,22
BRDA:16,1,1,361
BRDA:17,2,0,4
BRDA:17,2,1,18
BRDA:18,3,0,2
BRDA:18,3,1,2
BRDA:28,4,0,2
BRDA:28,4,1,359
BRDA:30,5,0,35
BRDA:30,5,1,324
BRDA:44,6,0,2
BRDA:50,7,0,28
BRDA:50,7,1,1
BRF:15
BRH:15
end_of_record
TN:
SF:src/tickets/ticket.entity.ts
FN:42,(anonymous_2)
FN:49,(anonymous_3)
FN:74,(anonymous_4)
FN:74,(anonymous_5)
FN:82,(anonymous_6)
FN:82,(anonymous_7)
FNF:6
FNH:0
FNDA:0,(anonymous_2)
FNDA:0,(anonymous_3)
FNDA:0,(anonymous_4)
FNDA:0,(anonymous_5)
FNDA:0,(anonymous_6)
FNDA:0,(anonymous_7)
DA:1,11
DA:13,11
DA:14,11
DA:15,11
DA:16,11
DA:19,11
DA:21,11
DA:24,11
DA:27,11
DA:30,11
DA:33,11
DA:36,11
DA:39,11
DA:42,0
DA:43,11
DA:46,11
DA:49,0
DA:50,11
DA:53,11
DA:56,11
DA:60,11
DA:64,11
DA:68,11
DA:72,11
DA:74,0
DA:80,11
DA:82,0
DA:83,11
LF:28
LH:24
BRF:0
BRH:0
end_of_record
TN:
SF:src/tickets/tickets.controller.ts
FN:35,(anonymous_4)
FN:50,(anonymous_5)
FN:53,(anonymous_6)
FN:68,(anonymous_7)
FN:79,(anonymous_8)
FN:85,(anonymous_9)
FN:90,(anonymous_10)
FN:96,(anonymous_11)
FN:101,(anonymous_12)
FN:109,(anonymous_13)
FN:116,(anonymous_14)
FNF:11
FNH:10
FNDA:0,(anonymous_4)
FNDA:12,(anonymous_5)
FNDA:1,(anonymous_6)
FNDA:2,(anonymous_7)
FNDA:3,(anonymous_8)
FNDA:1,(anonymous_9)
FNDA:1,(anonymous_10)
FNDA:1,(anonymous_11)
FNDA:1,(anonymous_12)
FNDA:1,(anonymous_13)
FNDA:1,(anonymous_14)
DA:1,1
DA:19,1
DA:20,1
DA:22,1
DA:23,1
DA:24,1
DA:25,1
DA:26,1
DA:27,1
DA:28,1
DA:30,1
DA:32,1
DA:40,0
DA:41,0
DA:43,0
DA:49,1
DA:50,12
DA:53,1
DA:57,1
DA:58,1
DA:62,1
DA:68,1
DA:72,2
DA:73,1
DA:79,1
DA:80,3
DA:81,3
DA:85,1
DA:86,1
DA:90,1
DA:91,1
DA:96,1
DA:97,1
DA:101,1
DA:105,1
DA:109,1
DA:110,1
DA:116,1
DA:117,1
LF:39
LH:36
BRDA:40,0,0,0
BRDA:40,0,1,0
BRDA:72,1,0,1
BRDA:80,2,0,2
BRDA:80,2,1,1
BRDA:81,3,0,2
BRDA:81,3,1,1
BRF:7
BRH:5
end_of_record
TN:
SF:src/tickets/tickets.module.ts
FN:12,(anonymous_1)
FN:13,(anonymous_2)
FNF:2
FNH:0
FNDA:0,(anonymous_1)
FNDA:0,(anonymous_2)
DA:1,0
DA:2,0
DA:3,0
DA:4,0
DA:5,0
DA:6,0
DA:7,0
DA:12,0
DA:13,0
DA:19,0
LF:10
LH:0
BRF:0
BRH:0
end_of_record
TN:
SF:src/tickets/tickets.service.ts
FN:33,(anonymous_4)
FN:42,(anonymous_5)
FN:47,(anonymous_6)
FN:54,(anonymous_7)
FN:63,(anonymous_8)
FN:88,(anonymous_9)
FN:108,(anonymous_10)
FN:130,(anonymous_11)
FN:134,(anonymous_12)
FN:160,(anonymous_13)
FN:170,(anonymous_14)
FN:175,(anonymous_15)
FN:183,(anonymous_16)
FN:196,(anonymous_17)
FN:203,(anonymous_18)
FN:217,(anonymous_19)
FN:282,(anonymous_20)
FN:289,(anonymous_21)
FN:301,(anonymous_22)
FN:318,(anonymous_23)
FN:325,(anonymous_24)
FNF:21
FNH:17
FNDA:37,(anonymous_4)
FNDA:0,(anonymous_5)
FNDA:19,(anonymous_6)
FNDA:1,(anonymous_7)
FNDA:4,(anonymous_8)
FNDA:4,(anonymous_9)
FNDA:12,(anonymous_10)
FNDA:2,(anonymous_11)
FNDA:1,(anonymous_12)
FNDA:0,(anonymous_13)
FNDA:4,(anonymous_14)
FNDA:1,(anonymous_15)
FNDA:4,(anonymous_16)
FNDA:3,(anonymous_17)
FNDA:1,(anonymous_18)
FNDA:6,(anonymous_19)
FNDA:17,(anonymous_20)
FNDA:8,(anonymous_21)
FNDA:0,(anonymous_22)
FNDA:0,(anonymous_23)
FNDA:6,(anonymous_24)
DA:1,9
DA:7,9
DA:8,9
DA:9,9
DA:10,9
DA:11,9
DA:15,9
DA:16,9
DA:17,9
DA:18,9
DA:19,9
DA:20,9
DA:22,9
DA:24,9
DA:32,9
DA:35,37
DA:36,37
DA:37,37
DA:38,37
DA:39,37
DA:43,0
DA:44,0
DA:48,19
DA:49,19
DA:50,17
DA:51,15
DA:55,1
DA:64,4
DA:66,4
DA:67,1
DA:70,4
DA:71,4
DA:72,4
DA:73,3
DA:76,4
DA:88,4
DA:89,4
DA:90,0
DA:92,4
DA:95,4
DA:96,2
DA:105,4
DA:109,12
DA:111,12
DA:112,2
DA:115,10
DA:116,8
DA:117,8
DA:118,2
DA:123,6
DA:125,4
DA:129,4
DA:130,2
DA:132,4
DA:133,1
DA:134,1
DA:141,7
DA:142,1
DA:145,6
DA:155,6
DA:157,6
DA:161,0
DA:171,4
DA:172,2
DA:173,1
DA:175,1
DA:176,1
DA:177,0
DA:179,1
DA:184,4
DA:185,4
DA:186,3
DA:188,2
DA:189,2
DA:190,1
DA:193,1
DA:197,3
DA:198,3
DA:199,3
DA:201,2
DA:202,2
DA:203,2
DA:204,1
DA:214,2
DA:218,6
DA:219,6
DA:220,6
DA:222,5
DA:223,5
DA:224,5
DA:225,5
DA:227,5
DA:228,5
DA:229,5
DA:231,5
DA:232,5
DA:233,5
DA:235,4
DA:236,4
DA:240,3
DA:241,3
DA:245,3
DA:246,3
DA:250,3
DA:251,3
DA:252,3
DA:253,3
DA:256,3
DA:257,3
DA:259,3
DA:270,3
DA:272,3
DA:274,2
DA:275,2
DA:279,5
DA:283,17
DA:284,17
DA:285,2
DA:294,8
DA:295,8
DA:296,1
DA:298,7
DA:305,0
DA:318,0
DA:326,6
DA:339,6
LF:126
LH:119
BRDA:43,0,0,0
BRDA:49,1,0,2
BRDA:57,2,0,0
BRDA:57,2,1,1
BRDA:66,3,0,1
BRDA:70,4,0,4
BRDA:70,4,1,3
BRDA:72,5,0,3
BRDA:78,6,0,4
BRDA:78,6,1,4
BRDA:79,7,0,4
BRDA:79,7,1,4
BRDA:84,8,0,0
BRDA:84,8,1,4
BRDA:89,9,0,0
BRDA:95,10,0,2
BRDA:95,11,0,4
BRDA:95,11,1,3
BRDA:111,12,0,2
BRDA:115,13,0,8
BRDA:115,14,0,10
BRDA:115,14,1,8
BRDA:117,15,0,2
BRDA:123,16,0,4
BRDA:129,17,0,4
BRDA:129,17,1,0
BRDA:132,18,0,1
BRDA:141,19,0,1
BRDA:141,20,0,7
BRDA:141,20,1,2
BRDA:146,21,0,6
BRDA:146,21,1,1
BRDA:147,22,0,6
BRDA:147,22,1,0
BRDA:148,23,0,6
BRDA:148,23,1,5
BRDA:149,24,0,6
BRDA:149,24,1,0
BRDA:150,25,0,6
BRDA:150,25,1,0
BRDA:151,26,0,6
BRDA:151,26,1,0
BRDA:152,27,0,6
BRDA:152,27,1,0
BRDA:172,28,0,1
BRDA:176,29,0,0
BRDA:185,30,0,1
BRDA:186,31,0,1
BRDA:189,32,0,1
BRDA:189,33,0,2
BRDA:189,33,1,2
BRDA:198,34,0,0
BRDA:207,35,0,1
BRDA:207,35,1,1
BRDA:211,36,0,0
BRDA:211,36,1,1
BRDA:219,37,0,0
BRDA:232,38,0,5
BRDA:232,38,1,0
BRDA:233,39,0,1
BRDA:235,40,0,4
BRDA:235,40,1,1
BRDA:236,41,0,3
BRDA:236,41,1,1
BRDA:240,42,0,3
BRDA:240,42,1,1
BRDA:241,43,0,2
BRDA:241,43,1,1
BRDA:245,44,0,3
BRDA:245,44,1,0
BRDA:246,45,0,3
BRDA:246,45,1,0
BRDA:250,46,0,3
BRDA:250,46,1,3
BRDA:251,47,0,0
BRDA:251,47,1,3
BRDA:252,48,0,3
BRDA:256,49,0,3
BRDA:256,49,1,3
BRDA:257,50,0,0
BRDA:257,50,1,3
BRDA:261,51,0,3
BRDA:261,51,1,1
BRDA:284,52,0,2
BRDA:284,53,0,17
BRDA:284,53,1,17
BRDA:295,54,0,1
BRDA:339,55,0,3
BRDA:339,55,1,3
BRF:89
BRH:70
end_of_record
TN:
SF:src/tickets/dto/create-ticket.dto.ts
FNF:0
FNH:0
DA:1,1
DA:2,1
DA:4,1
DA:7,1
DA:11,1
DA:15,1
DA:18,1
DA:21,1
DA:24,1
DA:28,1
DA:32,1
LF:11
LH:11
BRF:0
BRH:0
end_of_record
TN:
SF:src/tickets/dto/export-tickets-query.dto.ts
FNF:0
FNH:0
DA:1,1
DA:3,1
DA:6,1
LF:3
LH:3
BRF:0
BRH:0
end_of_record
TN:
SF:src/tickets/dto/import-result.dto.ts
FNF:0
FNH:0
DA:1,0
LF:1
LH:0
BRF:0
BRH:0
end_of_record
TN:
SF:src/tickets/dto/import-tickets.dto.ts
FNF:0
FNH:0
DA:1,1
DA:3,1
DA:6,1
LF:3
LH:3
BRF:0
BRH:0
end_of_record
TN:
SF:src/tickets/dto/update-ticket.dto.ts
FNF:0
FNH:0
DA:1,1
DA:2,1
DA:4,1
DA:7,1
DA:11,1
DA:15,1
DA:19,1
DA:23,1
DA:27,1
DA:31,1
DA:35,1
LF:11
LH:11
BRF:0
BRH:0
end_of_record
TN:
SF:src/tickets/enums/index.ts
FN:1,(anonymous_0)
FN:8,(anonymous_1)
FN:15,(anonymous_2)
FNF:3
FNH:3
FNDA:11,(anonymous_0)
FNDA:11,(anonymous_1)
FNDA:11,(anonymous_2)
DA:1,11
DA:2,11
DA:3,11
DA:4,11
DA:5,11
DA:8,11
DA:9,11
DA:10,11
DA:11,11
DA:12,11
DA:15,11
DA:16,11
DA:17,11
DA:18,11
LF:14
LH:14
BRDA:1,0,0,11
BRDA:1,0,1,11
BRDA:8,1,0,11
BRDA:8,1,1,11
BRDA:15,2,0,11
BRDA:15,2,1,11
BRF:6
BRH:6
end_of_record
TN:
SF:src/users/user.entity.ts
FN:10,(anonymous_2)
FNF:1
FNH:1
FNDA:16,(anonymous_2)
DA:1,16
DA:2,16
DA:10,16
DA:11,16
DA:12,16
DA:16,16
DA:18,16
DA:21,16
DA:24,16
DA:27,16
DA:30,16
DA:34,16
DA:38,16
DA:42,16
LF:14
LH:14
BRDA:10,0,0,16
BRDA:10,0,1,16
BRF:2
BRH:2
end_of_record
TN:
SF:src/users/users.controller.ts
FN:22,(anonymous_4)
FN:28,(anonymous_5)
FN:33,(anonymous_6)
FN:41,(anonymous_7)
FN:48,(anonymous_8)
FN:54,(anonymous_9)
FN:62,(anonymous_10)
FNF:7
FNH:6
FNDA:5,(anonymous_4)
FNDA:1,(anonymous_5)
FNDA:0,(anonymous_6)
FNDA:1,(anonymous_7)
FNDA:1,(anonymous_8)
FNDA:1,(anonymous_9)
FNDA:1,(anonymous_10)
DA:1,1
DA:13,1
DA:14,1
DA:15,1
DA:16,1
DA:17,1
DA:18,1
DA:21,1
DA:23,5
DA:24,5
DA:28,1
DA:29,1
DA:33,1
DA:37,0
DA:41,1
DA:42,1
DA:48,1
DA:49,1
DA:54,1
DA:58,1
DA:62,1
DA:63,1
LF:22
LH:21
BRF:0
BRH:0
end_of_record
TN:
SF:src/users/users.module.ts
FN:9,(anonymous_1)
FNF:1
FNH:0
FNDA:0,(anonymous_1)
DA:1,0
DA:2,0
DA:3,0
DA:4,0
DA:5,0
DA:6,0
DA:9,0
DA:14,0
LF:8
LH:0
BRF:0
BRH:0
end_of_record
TN:
SF:src/users/users.service.ts
FN:11,(anonymous_13)
FN:16,(anonymous_14)
FN:28,(anonymous_15)
FN:32,(anonymous_16)
FN:38,(anonymous_17)
FN:42,(anonymous_18)
FN:50,(anonymous_19)
FN:57,(anonymous_20)
FNF:8
FNH:5
FNDA:8,(anonymous_13)
FNDA:3,(anonymous_14)
FNDA:0,(anonymous_15)
FNDA:5,(anonymous_16)
FNDA:0,(anonymous_17)
FNDA:0,(anonymous_18)
FNDA:1,(anonymous_19)
FNDA:2,(anonymous_20)
DA:1,13
DA:2,13
DA:3,13
DA:4,13
DA:5,13
DA:10,13
DA:13,8
DA:17,3
DA:20,3
DA:21,1
DA:23,2
DA:24,2
DA:25,2
DA:29,0
DA:33,5
DA:34,5
DA:35,3
DA:39,0
DA:43,0
DA:44,0
DA:51,1
DA:52,1
DA:53,1
DA:54,1
DA:58,2
DA:59,1
LF:26
LH:22
BRDA:20,0,0,1
BRDA:23,1,0,2
BRDA:23,1,1,1
BRDA:34,2,0,2
BRDA:43,3,0,0
BRDA:52,4,0,0
BRDA:53,5,0,1
BRF:7
BRH:5
end_of_record
TN:
SF:src/users/dto/create-user.dto.ts
FNF:0
FNH:0
DA:1,1
DA:2,1
DA:4,1
DA:6,1
DA:9,1
DA:12,1
DA:15,1
DA:20,1
LF:8
LH:8
BRF:0
BRH:0
end_of_record
TN:
SF:src/users/dto/mentions-query.dto.ts
FN:4,(anonymous_2)
FN:6,(anonymous_3)
FN:12,(anonymous_4)
FNF:3
FNH:0
FNDA:0,(anonymous_2)
FNDA:0,(anonymous_3)
FNDA:0,(anonymous_4)
DA:1,1
DA:2,1
DA:4,1
DA:6,0
DA:9,1
DA:12,0
DA:15,1
LF:7
LH:5
BRF:0
BRH:0
end_of_record
TN:
SF:src/users/dto/update-user.dto.ts
FNF:0
FNH:0
DA:1,1
DA:2,1
DA:4,1
DA:7,1
DA:11,1
LF:5
LH:5
BRF:0
BRH:0
end_of_record
